Using pre-set license
Built from '2021.3/staging' branch; Version is '2021.3.4f1 (cb45f9cae8b7) revision 13321721'; Using compiler version '192829333'; Build Type 'Release'
OS: 'Windows 10  (10.0.19043) 64bit Professional' Language: 'en' Physical Memory: 32714 MB
BatchMode: 1, IsHumanControllingUs: 0, StartBugReporterOnCrash: 0, Is64bit: 1, IsPro: 1

COMMAND LINE ARGUMENTS:
E:\Program Files\Unity\Versions\2021.3.4f1\Editor\Unity.exe
-adb2
-batchMode
-noUpm
-name
AssetImportWorker0
-projectPath
D:/Documenten/Git/Personal/Unity/Island
-logFile
Logs/AssetImportWorker0.log
-srvPort
61249
Successfully changed project path to: D:/Documenten/Git/Personal/Unity/Island
D:/Documenten/Git/Personal/Unity/Island
[UnityMemory] Configuration Parameters - Can be set up in boot.config
    "memorysetup-bucket-allocator-granularity=16"
    "memorysetup-bucket-allocator-bucket-count=8"
    "memorysetup-bucket-allocator-block-size=33554432"
    "memorysetup-bucket-allocator-block-count=8"
    "memorysetup-main-allocator-block-size=16777216"
    "memorysetup-thread-allocator-block-size=16777216"
    "memorysetup-gfx-main-allocator-block-size=16777216"
    "memorysetup-gfx-thread-allocator-block-size=16777216"
    "memorysetup-cache-allocator-block-size=4194304"
    "memorysetup-typetree-allocator-block-size=2097152"
    "memorysetup-profiler-bucket-allocator-granularity=16"
    "memorysetup-profiler-bucket-allocator-bucket-count=8"
    "memorysetup-profiler-bucket-allocator-block-size=33554432"
    "memorysetup-profiler-bucket-allocator-block-count=8"
    "memorysetup-profiler-allocator-block-size=16777216"
    "memorysetup-profiler-editor-allocator-block-size=1048576"
    "memorysetup-temp-allocator-size-main=16777216"
    "memorysetup-job-temp-allocator-block-size=2097152"
    "memorysetup-job-temp-allocator-block-size-background=1048576"
    "memorysetup-job-temp-allocator-reduction-small-platforms=262144"
    "memorysetup-temp-allocator-size-background-worker=32768"
    "memorysetup-temp-allocator-size-job-worker=262144"
    "memorysetup-temp-allocator-size-preload-manager=33554432"
    "memorysetup-temp-allocator-size-nav-mesh-worker=65536"
    "memorysetup-temp-allocator-size-audio-worker=65536"
    "memorysetup-temp-allocator-size-cloud-worker=32768"
    "memorysetup-temp-allocator-size-gi-baking-worker=262144"
    "memorysetup-temp-allocator-size-gfx=262144"
Refreshing native plugins compatible for Editor in 82.24 ms, found 24 plugins.
Preloading 0 native plugins for Editor in 0.00 ms.
Initialize engine version: 2021.3.4f1 (cb45f9cae8b7)
[Subsystems] Discovering subsystems at path E:/Program Files/Unity/Versions/2021.3.4f1/Editor/Data/Resources/UnitySubsystems
[Subsystems] Discovering subsystems at path D:/Documenten/Git/Personal/Unity/Island/Assets
GfxDevice: creating device client; threaded=0; jobified=0
Direct3D:
    Version:  Direct3D 11.0 [level 11.1]
    Renderer: NVIDIA GeForce GTX 1070 (ID=0x1b81)
    Vendor:   NVIDIA
    VRAM:     8088 MB
    Driver:   30.0.15.1295
Initialize mono
Mono path[0] = 'E:/Program Files/Unity/Versions/2021.3.4f1/Editor/Data/Managed'
Mono path[1] = 'E:/Program Files/Unity/Versions/2021.3.4f1/Editor/Data/MonoBleedingEdge/lib/mono/unityjit-win32'
Mono config path = 'E:/Program Files/Unity/Versions/2021.3.4f1/Editor/Data/MonoBleedingEdge/etc'
Using monoOptions --debugger-agent=transport=dt_socket,embedding=1,server=y,suspend=n,address=127.0.0.1:56916
Begin MonoManager ReloadAssembly
Registering precompiled unity dll's ...
Register platform support module: E:/Program Files/Unity/Versions/2021.3.4f1/Editor/Data/PlaybackEngines/WindowsStandaloneSupport/UnityEditor.WindowsStandalone.Extensions.dll
Registered in 0.002322 seconds.
Native extension for WindowsStandalone target not found
Refreshing native plugins compatible for Editor in 77.56 ms, found 24 plugins.
Preloading 0 native plugins for Editor in 0.00 ms.
Mono: successfully reloaded assembly
- Completed reload, in  0.455 seconds
Domain Reload Profiling:
	ReloadAssembly (456ms)
		BeginReloadAssembly (59ms)
			ExecutionOrderSort (0ms)
			DisableScriptedObjects (0ms)
			BackupInstance (0ms)
			ReleaseScriptingObjects (0ms)
			CreateAndSetChildDomain (1ms)
		EndReloadAssembly (327ms)
			LoadAssemblies (59ms)
			RebuildTransferFunctionScriptingTraits (0ms)
			SetupTypeCache (66ms)
			ReleaseScriptCaches (0ms)
			RebuildScriptCaches (17ms)
			SetupLoadedEditorAssemblies (211ms)
				LogAssemblyErrors (0ms)
				InitializePlatformSupportModulesInManaged (5ms)
				SetLoadedEditorAssemblies (0ms)
				RefreshPlugins (78ms)
				BeforeProcessingInitializeOnLoad (1ms)
				ProcessInitializeOnLoadAttributes (97ms)
				ProcessInitializeOnLoadMethodAttributes (30ms)
				AfterProcessingInitializeOnLoad (0ms)
				EditorAssembliesLoaded (0ms)
			ExecutionOrderSort2 (0ms)
			AwakeInstancesAfterBackupRestoration (0ms)
Platform modules already initialized, skipping
Registering precompiled user dll's ...
Registered in 0.007395 seconds.
Begin MonoManager ReloadAssembly
Symbol file LoadedFromMemory doesn't match image D:\Documenten\Git\Personal\Unity\Island\Library\PackageCache\com.unity.visualscripting@1.7.8\Editor\VisualScripting.Core\Dependencies\DotNetZip\Unity.VisualScripting.IonicZip.dll
Symbol file LoadedFromMemory doesn't match image D:\Documenten\Git\Personal\Unity\Island\Library\PackageCache\com.unity.visualscripting@1.7.8\Editor\VisualScripting.Core\Dependencies\YamlDotNet\Unity.VisualScripting.YamlDotNet.dll
Native extension for WindowsStandalone target not found
Refreshing native plugins compatible for Editor in 75.33 ms, found 24 plugins.
Preloading 0 native plugins for Editor in 0.00 ms.
Mono: successfully reloaded assembly
- Completed reload, in  0.882 seconds
Domain Reload Profiling:
	ReloadAssembly (883ms)
		BeginReloadAssembly (95ms)
			ExecutionOrderSort (0ms)
			DisableScriptedObjects (4ms)
			BackupInstance (0ms)
			ReleaseScriptingObjects (0ms)
			CreateAndSetChildDomain (15ms)
		EndReloadAssembly (706ms)
			LoadAssemblies (83ms)
			RebuildTransferFunctionScriptingTraits (0ms)
			SetupTypeCache (171ms)
			ReleaseScriptCaches (1ms)
			RebuildScriptCaches (41ms)
			SetupLoadedEditorAssemblies (400ms)
				LogAssemblyErrors (0ms)
				InitializePlatformSupportModulesInManaged (2ms)
				SetLoadedEditorAssemblies (0ms)
				RefreshPlugins (75ms)
				BeforeProcessingInitializeOnLoad (72ms)
				ProcessInitializeOnLoadAttributes (188ms)
				ProcessInitializeOnLoadMethodAttributes (59ms)
				AfterProcessingInitializeOnLoad (3ms)
				EditorAssembliesLoaded (0ms)
			ExecutionOrderSort2 (0ms)
			AwakeInstancesAfterBackupRestoration (4ms)
Platform modules already initialized, skipping
========================================================================
Worker process is ready to serve import requests
Launched and connected shader compiler UnityShaderCompiler.exe after 0.04 seconds
Refreshing native plugins compatible for Editor in 0.95 ms, found 24 plugins.
Preloading 0 native plugins for Editor in 0.00 ms.
Unloading 5163 Unused Serialized files (Serialized files now loaded: 0)
Unloading 60 unused Assets / (0.9 MB). Loaded Objects now: 5593.
Memory consumption went from 206.2 MB to 205.4 MB.
Total: 3.421600 ms (FindLiveObjects: 0.367100 ms CreateObjectMapping: 0.308000 ms MarkObjects: 2.421500 ms  DeleteObjects: 0.324000 ms)

AssetImportParameters requested are different than current active one (requested -> active):
  custom:video-decoder-ogg-theora: a1e56fd34408186e4bbccfd4996cb3dc -> 
  custom:container-muxer-webm: aa71ff27fc2769a1b78a27578f13a17b -> 
  custom:container-demuxer-webm: 4f35f7cbe854078d1ac9338744f61a02 -> 
  custom:video-encoder-webm-vp8: eb34c28f22e8b96e1ab97ce403110664 -> 
  custom:audio-encoder-webm-vorbis: bf7c407c2cedff20999df2af8eb42d56 -> 
  custom:framework-win-MediaFoundation: 216162199b28c13a410421893ffa2e32 -> 
  custom:container-demuxer-ogg: 62fdf1f143b41e24485cea50d1cbac27 -> 
  custom:video-decoder-webm-vp8: 9c59270c3fd7afecdb556c50c9e8de78 -> 
  custom:audio-decoder-ogg-vorbis: bf7c407c2cedff20999df2af8eb42d56 -> 
========================================================================
Received Import Request.
  Time since last request: 1635.014386 seconds.
  path: Assets/Character Movement Fundamentals/Prefabs/Controller/Blank/TopDownWalker.prefab
  artifactKey: Guid(90f0d76140309b246a4ab80b3cc13882) Importer(815301076,1909f56bfc062723c751e8b465ee728b)
Start importing Assets/Character Movement Fundamentals/Prefabs/Controller/Blank/TopDownWalker.prefab using Guid(90f0d76140309b246a4ab80b3cc13882) Importer(815301076,1909f56bfc062723c751e8b465ee728b)  -> (artifact id: 'bc0afef627a29c9f0f026780ee6429c8') in 0.193125 seconds 
========================================================================
Received Import Request.
  Time since last request: 0.000018 seconds.
  path: Assets/Character Movement Fundamentals/Prefabs/Controller/Blank/ThirdPersonWalker_B.prefab
  artifactKey: Guid(41d5060342076c64fbfc3a2c9be14c3c) Importer(815301076,1909f56bfc062723c751e8b465ee728b)
Start importing Assets/Character Movement Fundamentals/Prefabs/Controller/Blank/ThirdPersonWalker_B.prefab using Guid(41d5060342076c64fbfc3a2c9be14c3c) Importer(815301076,1909f56bfc062723c751e8b465ee728b)  -> (artifact id: 'bd27cdd166b7ba1cd489a3e76b809d5e') in 0.036716 seconds 
========================================================================
Received Prepare
Registering precompiled user dll's ...
Registered in 0.007635 seconds.
Begin MonoManager ReloadAssembly
Symbol file LoadedFromMemory doesn't match image D:\Documenten\Git\Personal\Unity\Island\Library\PackageCache\com.unity.visualscripting@1.7.8\Editor\VisualScripting.Core\Dependencies\DotNetZip\Unity.VisualScripting.IonicZip.dll
Symbol file LoadedFromMemory doesn't match image D:\Documenten\Git\Personal\Unity\Island\Library\PackageCache\com.unity.visualscripting@1.7.8\Editor\VisualScripting.Core\Dependencies\YamlDotNet\Unity.VisualScripting.YamlDotNet.dll
Native extension for WindowsStandalone target not found
Refreshing native plugins compatible for Editor in 0.88 ms, found 24 plugins.
Preloading 0 native plugins for Editor in 0.00 ms.
Mono: successfully reloaded assembly
- Completed reload, in  0.855 seconds
Domain Reload Profiling:
	ReloadAssembly (856ms)
		BeginReloadAssembly (116ms)
			ExecutionOrderSort (0ms)
			DisableScriptedObjects (5ms)
			BackupInstance (0ms)
			ReleaseScriptingObjects (0ms)
			CreateAndSetChildDomain (34ms)
		EndReloadAssembly (675ms)
			LoadAssemblies (83ms)
			RebuildTransferFunctionScriptingTraits (0ms)
			SetupTypeCache (190ms)
			ReleaseScriptCaches (1ms)
			RebuildScriptCaches (30ms)
			SetupLoadedEditorAssemblies (322ms)
				LogAssemblyErrors (0ms)
				InitializePlatformSupportModulesInManaged (9ms)
				SetLoadedEditorAssemblies (0ms)
				RefreshPlugins (1ms)
				BeforeProcessingInitializeOnLoad (60ms)
				ProcessInitializeOnLoadAttributes (178ms)
				ProcessInitializeOnLoadMethodAttributes (70ms)
				AfterProcessingInitializeOnLoad (4ms)
				EditorAssembliesLoaded (0ms)
			ExecutionOrderSort2 (0ms)
			AwakeInstancesAfterBackupRestoration (18ms)
Platform modules already initialized, skipping
Refreshing native plugins compatible for Editor in 5.17 ms, found 24 plugins.
Preloading 0 native plugins for Editor in 0.00 ms.
Unloading 5025 Unused Serialized files (Serialized files now loaded: 0)
Unloading 53 unused Assets / (0.8 MB). Loaded Objects now: 5654.
Memory consumption went from 203.9 MB to 203.0 MB.
Total: 3.058500 ms (FindLiveObjects: 0.357200 ms CreateObjectMapping: 0.157100 ms MarkObjects: 2.236900 ms  DeleteObjects: 0.306600 ms)

AssetImportParameters requested are different than current active one (requested -> active):
  custom:video-decoder-ogg-theora: a1e56fd34408186e4bbccfd4996cb3dc -> 
  custom:container-muxer-webm: aa71ff27fc2769a1b78a27578f13a17b -> 
  custom:container-demuxer-webm: 4f35f7cbe854078d1ac9338744f61a02 -> 
  custom:video-encoder-webm-vp8: eb34c28f22e8b96e1ab97ce403110664 -> 
  custom:audio-encoder-webm-vorbis: bf7c407c2cedff20999df2af8eb42d56 -> 
  custom:framework-win-MediaFoundation: 216162199b28c13a410421893ffa2e32 -> 
  custom:container-demuxer-ogg: 62fdf1f143b41e24485cea50d1cbac27 -> 
  custom:video-decoder-webm-vp8: 9c59270c3fd7afecdb556c50c9e8de78 -> 
  custom:audio-decoder-ogg-vorbis: bf7c407c2cedff20999df2af8eb42d56 -> 
========================================================================
Received Import Request.
  Time since last request: 98.767447 seconds.
  path: Assets/Character Movement Fundamentals/Source/Capguy/CapguyAnimator.controller
  artifactKey: Guid(568cf4cd0dc9cb848821933ae06d9566) Importer(815301076,1909f56bfc062723c751e8b465ee728b)
Start importing Assets/Character Movement Fundamentals/Source/Capguy/CapguyAnimator.controller using Guid(568cf4cd0dc9cb848821933ae06d9566) Importer(815301076,1909f56bfc062723c751e8b465ee728b)  -> (artifact id: 'd9fe3000cebd60afe09693af9cabf898') in 0.023853 seconds 
========================================================================
Received Prepare
Registering precompiled user dll's ...
Registered in 0.007213 seconds.
Begin MonoManager ReloadAssembly
Symbol file LoadedFromMemory doesn't match image D:\Documenten\Git\Personal\Unity\Island\Library\PackageCache\com.unity.visualscripting@1.7.8\Editor\VisualScripting.Core\Dependencies\DotNetZip\Unity.VisualScripting.IonicZip.dll
Symbol file LoadedFromMemory doesn't match image D:\Documenten\Git\Personal\Unity\Island\Library\PackageCache\com.unity.visualscripting@1.7.8\Editor\VisualScripting.Core\Dependencies\YamlDotNet\Unity.VisualScripting.YamlDotNet.dll
Native extension for WindowsStandalone target not found
Refreshing native plugins compatible for Editor in 1.12 ms, found 24 plugins.
Preloading 0 native plugins for Editor in 0.00 ms.
Mono: successfully reloaded assembly
- Completed reload, in  0.847 seconds
Domain Reload Profiling:
	ReloadAssembly (847ms)
		BeginReloadAssembly (109ms)
			ExecutionOrderSort (0ms)
			DisableScriptedObjects (4ms)
			BackupInstance (0ms)
			ReleaseScriptingObjects (0ms)
			CreateAndSetChildDomain (30ms)
		EndReloadAssembly (666ms)
			LoadAssemblies (81ms)
			RebuildTransferFunctionScriptingTraits (0ms)
			SetupTypeCache (186ms)
			ReleaseScriptCaches (1ms)
			RebuildScriptCaches (33ms)
			SetupLoadedEditorAssemblies (318ms)
				LogAssemblyErrors (0ms)
				InitializePlatformSupportModulesInManaged (9ms)
				SetLoadedEditorAssemblies (0ms)
				RefreshPlugins (1ms)
				BeforeProcessingInitializeOnLoad (56ms)
				ProcessInitializeOnLoadAttributes (175ms)
				ProcessInitializeOnLoadMethodAttributes (74ms)
				AfterProcessingInitializeOnLoad (3ms)
				EditorAssembliesLoaded (0ms)
			ExecutionOrderSort2 (0ms)
			AwakeInstancesAfterBackupRestoration (15ms)
Platform modules already initialized, skipping
Refreshing native plugins compatible for Editor in 4.97 ms, found 24 plugins.
Preloading 0 native plugins for Editor in 0.00 ms.
Unloading 5026 Unused Serialized files (Serialized files now loaded: 0)
Unloading 53 unused Assets / (0.8 MB). Loaded Objects now: 5657.
Memory consumption went from 203.9 MB to 203.1 MB.
Total: 2.935000 ms (FindLiveObjects: 0.347500 ms CreateObjectMapping: 0.111800 ms MarkObjects: 2.173200 ms  DeleteObjects: 0.301300 ms)

AssetImportParameters requested are different than current active one (requested -> active):
  custom:video-decoder-ogg-theora: a1e56fd34408186e4bbccfd4996cb3dc -> 
  custom:container-muxer-webm: aa71ff27fc2769a1b78a27578f13a17b -> 
  custom:container-demuxer-webm: 4f35f7cbe854078d1ac9338744f61a02 -> 
  custom:video-encoder-webm-vp8: eb34c28f22e8b96e1ab97ce403110664 -> 
  custom:audio-encoder-webm-vorbis: bf7c407c2cedff20999df2af8eb42d56 -> 
  custom:framework-win-MediaFoundation: 216162199b28c13a410421893ffa2e32 -> 
  custom:container-demuxer-ogg: 62fdf1f143b41e24485cea50d1cbac27 -> 
  custom:video-decoder-webm-vp8: 9c59270c3fd7afecdb556c50c9e8de78 -> 
  custom:audio-decoder-ogg-vorbis: bf7c407c2cedff20999df2af8eb42d56 -> 
========================================================================
Received Import Request.
  Time since last request: 375.730816 seconds.
  path: Assets/_Island/Shaders/WorldBending.shadergraph
  artifactKey: Guid(8ff3f75b677369242a433f690a2b8f82) Importer(815301076,1909f56bfc062723c751e8b465ee728b)
Start importing Assets/_Island/Shaders/WorldBending.shadergraph using Guid(8ff3f75b677369242a433f690a2b8f82) Importer(815301076,1909f56bfc062723c751e8b465ee728b)  -> (artifact id: '0f984d537df2b248bf843fc66607ca3e') in 0.022193 seconds 
========================================================================
Received Import Request.
  Time since last request: 410.576658 seconds.
  path: Assets/Bakery/examples/content/AreaLight.ies
  artifactKey: Guid(1363d7983ee08c244a2eb4bf0ced6b2f) Importer(815301076,1909f56bfc062723c751e8b465ee728b)
Start importing Assets/Bakery/examples/content/AreaLight.ies using Guid(1363d7983ee08c244a2eb4bf0ced6b2f) Importer(815301076,1909f56bfc062723c751e8b465ee728b)  -> (artifact id: 'a9d5081c6ecf73a2e072b922a847b37c') in 0.141931 seconds 
========================================================================
Received Import Request.
  Time since last request: 0.000018 seconds.
  path: Assets/Bakery/examples/lightmaps/example_directional_SH_LMA1_L1z.tga
  artifactKey: Guid(d294d04da8b0cea4b8e2145b37346477) Importer(815301076,1909f56bfc062723c751e8b465ee728b)
Start importing Assets/Bakery/examples/lightmaps/example_directional_SH_LMA1_L1z.tga using Guid(d294d04da8b0cea4b8e2145b37346477) Importer(815301076,1909f56bfc062723c751e8b465ee728b)  -> (artifact id: '906d7940ff3450487ef5af15c3968d14') in 0.090458 seconds 
========================================================================
Received Import Request.
  Time since last request: 0.000026 seconds.
  path: Assets/Bakery/examples/content/sponza/sponza.fbm/sponza_column_c_bump.png
  artifactKey: Guid(ec6988bba704bc0409a4b0c47cd5de4d) Importer(815301076,1909f56bfc062723c751e8b465ee728b)
Start importing Assets/Bakery/examples/content/sponza/sponza.fbm/sponza_column_c_bump.png using Guid(ec6988bba704bc0409a4b0c47cd5de4d) Importer(815301076,1909f56bfc062723c751e8b465ee728b)  -> (artifact id: '97a017b4d69d988d1a184de9d7f0fb53') in 0.137720 seconds 
========================================================================
Received Import Request.
  Time since last request: 0.000018 seconds.
  path: Assets/Bakery/examples/content/sponza/sponza.fbm/chain_texture_mask.png
  artifactKey: Guid(97d410e42a2c74a45a0f67b1cefaa0c5) Importer(815301076,1909f56bfc062723c751e8b465ee728b)
Start importing Assets/Bakery/examples/content/sponza/sponza.fbm/chain_texture_mask.png using Guid(97d410e42a2c74a45a0f67b1cefaa0c5) Importer(815301076,1909f56bfc062723c751e8b465ee728b)  -> (artifact id: 'c5a9964d66c41179d3a1401f6799e2d0') in 0.023602 seconds 
========================================================================
Received Import Request.
  Time since last request: 0.000018 seconds.
  path: Assets/Bakery/examples/content/semiEmissive.bmp
  artifactKey: Guid(b1b04c93a8ff6ef4595b342727800fe7) Importer(815301076,1909f56bfc062723c751e8b465ee728b)
Start importing Assets/Bakery/examples/content/semiEmissive.bmp using Guid(b1b04c93a8ff6ef4595b342727800fe7) Importer(815301076,1909f56bfc062723c751e8b465ee728b)  -> (artifact id: '4732cd998e5a1fabc35ce38551814b08') in 0.195987 seconds 
========================================================================
Received Import Request.
  Time since last request: 0.000022 seconds.
  path: Assets/Bakery/examples/content/stainedglasscross.png
  artifactKey: Guid(12c7ee23dda7c9c4fb50ab126bc91d94) Importer(815301076,1909f56bfc062723c751e8b465ee728b)
Start importing Assets/Bakery/examples/content/stainedglasscross.png using Guid(12c7ee23dda7c9c4fb50ab126bc91d94) Importer(815301076,1909f56bfc062723c751e8b465ee728b)  -> (artifact id: '0fc427706a93198f850a4d4686be92ad') in 0.101878 seconds 
========================================================================
Received Import Request.
  Time since last request: 0.000019 seconds.
  path: Assets/Bakery/examples/content/skies64.exr
  artifactKey: Guid(c04139a56038625459f8bb6dafe1ddf4) Importer(815301076,1909f56bfc062723c751e8b465ee728b)
Start importing Assets/Bakery/examples/content/skies64.exr using Guid(c04139a56038625459f8bb6dafe1ddf4) Importer(815301076,1909f56bfc062723c751e8b465ee728b)  -> (artifact id: 'fde1206d6c899e5e4ceaa2e1fb702a03') in 0.074104 seconds 
========================================================================
Received Import Request.
  Time since last request: 0.000016 seconds.
  path: Assets/Bakery/examples/lightmaps/example_directional_SH_LM0_L1y.tga
  artifactKey: Guid(4d8533fd89561ed428ab72f0e23e3b2a) Importer(815301076,1909f56bfc062723c751e8b465ee728b)
Start importing Assets/Bakery/examples/lightmaps/example_directional_SH_LM0_L1y.tga using Guid(4d8533fd89561ed428ab72f0e23e3b2a) Importer(815301076,1909f56bfc062723c751e8b465ee728b)  -> (artifact id: 'e70ef165b3bd7758b8cee402ab1bb6fe') in 0.121104 seconds 
========================================================================
Received Import Request.
  Time since last request: 0.000017 seconds.
  path: Assets/Bakery/examples/lightmaps/LMGroup_Plane_RNM_RNM2.hdr
  artifactKey: Guid(3caf77d131f85c549828ba91e93e2536) Importer(815301076,1909f56bfc062723c751e8b465ee728b)
Start importing Assets/Bakery/examples/lightmaps/LMGroup_Plane_RNM_RNM2.hdr using Guid(3caf77d131f85c549828ba91e93e2536) Importer(815301076,1909f56bfc062723c751e8b465ee728b)  -> (artifact id: '19fdb86d434353307bd183111d032fa8') in 0.034088 seconds 
========================================================================
Received Import Request.
  Time since last request: 0.000023 seconds.
  path: Assets/Bakery/examples/lightmaps/example_lights_LMA1_final.hdr
  artifactKey: Guid(46a6bb65bfdf3424fbde57e7ee988e0f) Importer(815301076,1909f56bfc062723c751e8b465ee728b)
Start importing Assets/Bakery/examples/lightmaps/example_lights_LMA1_final.hdr using Guid(46a6bb65bfdf3424fbde57e7ee988e0f) Importer(815301076,1909f56bfc062723c751e8b465ee728b)  -> (artifact id: '2c50f0abcd26e4cc3a9090412f59c590') in 0.084097 seconds 
========================================================================
Received Import Request.
  Time since last request: 0.000013 seconds.
  path: Assets/Bakery/examples/lightmaps/LMGroup_Plane_SH_L1x.tga
  artifactKey: Guid(61ada9a487270c54f9a39b10d5625a2d) Importer(815301076,1909f56bfc062723c751e8b465ee728b)
Start importing Assets/Bakery/examples/lightmaps/LMGroup_Plane_SH_L1x.tga using Guid(61ada9a487270c54f9a39b10d5625a2d) Importer(815301076,1909f56bfc062723c751e8b465ee728b)  -> (artifact id: 'c336cc69c29811fb17876da928de275e') in 0.081031 seconds 
========================================================================
Received Import Request.
  Time since last request: 0.000016 seconds.
  path: Assets/Bakery/emptyDirection.tga
  artifactKey: Guid(04afea73344b7d049b5b7ac5ae315dd5) Importer(815301076,1909f56bfc062723c751e8b465ee728b)
Start importing Assets/Bakery/emptyDirection.tga using Guid(04afea73344b7d049b5b7ac5ae315dd5) Importer(815301076,1909f56bfc062723c751e8b465ee728b)  -> (artifact id: 'db245254d7ee280f977d360535f32eb6') in 0.039615 seconds 
========================================================================
Received Import Request.
  Time since last request: 0.000018 seconds.
  path: Assets/Bakery/examples/content/sponza/sponza.fbm/sponza_column_a_diff.png
  artifactKey: Guid(ea809144b1bcd014799678ae41ff1fbc) Importer(815301076,1909f56bfc062723c751e8b465ee728b)
Start importing Assets/Bakery/examples/content/sponza/sponza.fbm/sponza_column_a_diff.png using Guid(ea809144b1bcd014799678ae41ff1fbc) Importer(815301076,1909f56bfc062723c751e8b465ee728b)  -> (artifact id: '1a81e1fc3e30fb7353b7cfe1c8a13f9a') in 0.074659 seconds 
========================================================================
Received Import Request.
  Time since last request: 0.000022 seconds.
  path: Assets/Bakery/examples/lightmaps/example_directional_RNM_LM0_RNM0.hdr
  artifactKey: Guid(03d3d94ad78ae0d4dbb9c715f36e3046) Importer(815301076,1909f56bfc062723c751e8b465ee728b)
Start importing Assets/Bakery/examples/lightmaps/example_directional_RNM_LM0_RNM0.hdr using Guid(03d3d94ad78ae0d4dbb9c715f36e3046) Importer(815301076,1909f56bfc062723c751e8b465ee728b)  -> (artifact id: '809691602ca3c3866208b245ba3c6500') in 0.096770 seconds 
========================================================================
Received Import Request.
  Time since last request: 0.000016 seconds.
  path: Assets/Bakery/examples/lightmaps/example_directional_RNM_LMA1_RNM1.hdr
  artifactKey: Guid(83583286affd2484a9ad1adff12f7b91) Importer(815301076,1909f56bfc062723c751e8b465ee728b)
Start importing Assets/Bakery/examples/lightmaps/example_directional_RNM_LMA1_RNM1.hdr using Guid(83583286affd2484a9ad1adff12f7b91) Importer(815301076,1909f56bfc062723c751e8b465ee728b)  -> (artifact id: 'f86b7d562b2706932b4262a1bdc574ac') in 0.187180 seconds 
========================================================================
Received Import Request.
  Time since last request: 0.000015 seconds.
  path: Assets/Bakery/examples/lightmaps/LMGroup_Plane_directional_dir.tga
  artifactKey: Guid(f561cf2fcb98a6e4ebdc9a6fd80c6ef1) Importer(815301076,1909f56bfc062723c751e8b465ee728b)
Start importing Assets/Bakery/examples/lightmaps/LMGroup_Plane_directional_dir.tga using Guid(f561cf2fcb98a6e4ebdc9a6fd80c6ef1) Importer(815301076,1909f56bfc062723c751e8b465ee728b)  -> (artifact id: '66bbe8155a06009d505ffc29827d854f') in 0.049726 seconds 
========================================================================
Received Import Request.
  Time since last request: 0.000022 seconds.
  path: Assets/Character Movement Fundamentals/Example Scenes/Showcase/ShowcaseScene/ReflectionProbe-0.exr
  artifactKey: Guid(930eb9def08419f4f85931022c3199ce) Importer(815301076,1909f56bfc062723c751e8b465ee728b)
Start importing Assets/Character Movement Fundamentals/Example Scenes/Showcase/ShowcaseScene/ReflectionProbe-0.exr using Guid(930eb9def08419f4f85931022c3199ce) Importer(815301076,1909f56bfc062723c751e8b465ee728b)  -> (artifact id: 'ceafbf53a2a344bf87cacd88f25e2388') in 0.048796 seconds 
========================================================================
Received Import Request.
  Time since last request: 0.000019 seconds.
  path: Assets/Bakery/examples/lightmaps/example_subtractive_LM0_final.hdr
  artifactKey: Guid(d29b7ba4f74574249bf056f65a1e309b) Importer(815301076,1909f56bfc062723c751e8b465ee728b)
Start importing Assets/Bakery/examples/lightmaps/example_subtractive_LM0_final.hdr using Guid(d29b7ba4f74574249bf056f65a1e309b) Importer(815301076,1909f56bfc062723c751e8b465ee728b)  -> (artifact id: 'dd41fefdadb67a691a2cefe956a1d658') in 0.046740 seconds 
========================================================================
Received Import Request.
  Time since last request: 0.000016 seconds.
  path: Assets/Bakery/examples/lightmaps/example_directional_SH_LM0_L1x.tga
  artifactKey: Guid(e633e4a3ddd70f449850b81654a8f872) Importer(815301076,1909f56bfc062723c751e8b465ee728b)
Start importing Assets/Bakery/examples/lightmaps/example_directional_SH_LM0_L1x.tga using Guid(e633e4a3ddd70f449850b81654a8f872) Importer(815301076,1909f56bfc062723c751e8b465ee728b)  -> (artifact id: '5af5794ca679581ba376ff2203cea63d') in 0.043848 seconds 
========================================================================
Received Import Request.
  Time since last request: 0.000027 seconds.
  path: Assets/Bakery/examples/lightmaps/example_directional_RNM_LM0_RNM2.hdr
  artifactKey: Guid(8be93d1111ee5384f9f611bd14e8bb45) Importer(815301076,1909f56bfc062723c751e8b465ee728b)
Start importing Assets/Bakery/examples/lightmaps/example_directional_RNM_LM0_RNM2.hdr using Guid(8be93d1111ee5384f9f611bd14e8bb45) Importer(815301076,1909f56bfc062723c751e8b465ee728b)  -> (artifact id: '8c1b191c18903e83f4d308a74f722b4c') in 0.117026 seconds 
========================================================================
Received Import Request.
  Time since last request: 0.000020 seconds.
  path: Assets/Character Movement Fundamentals/Source/Environment/Textures/Tex_Grid_Grey.png
  artifactKey: Guid(1f4c65c606069044b88cdaf363a7a2ca) Importer(815301076,1909f56bfc062723c751e8b465ee728b)
Start importing Assets/Character Movement Fundamentals/Source/Environment/Textures/Tex_Grid_Grey.png using Guid(1f4c65c606069044b88cdaf363a7a2ca) Importer(815301076,1909f56bfc062723c751e8b465ee728b)  -> (artifact id: '9d6a97f7611ece680894754f4868e53a') in 0.106207 seconds 
========================================================================
Received Import Request.
  Time since last request: 0.000023 seconds.
  path: Assets/Bakery/examples/content/sponza/sponza.fbm/sponza_fabric_blue_diff.png
  artifactKey: Guid(82b61a31bb0eea24aba8911fe639bc35) Importer(815301076,1909f56bfc062723c751e8b465ee728b)
Start importing Assets/Bakery/examples/content/sponza/sponza.fbm/sponza_fabric_blue_diff.png using Guid(82b61a31bb0eea24aba8911fe639bc35) Importer(815301076,1909f56bfc062723c751e8b465ee728b)  -> (artifact id: '1e5785c6f16ea4781b76dda1e10fb30b') in 0.146006 seconds 
========================================================================
Received Import Request.
  Time since last request: 0.000018 seconds.
  path: Assets/Bakery/examples/content/sponza/sponza.fbm/sponza_details_diff.png
  artifactKey: Guid(34bd4e0e934c4e04d879033761a176a8) Importer(815301076,1909f56bfc062723c751e8b465ee728b)
Start importing Assets/Bakery/examples/content/sponza/sponza.fbm/sponza_details_diff.png using Guid(34bd4e0e934c4e04d879033761a176a8) Importer(815301076,1909f56bfc062723c751e8b465ee728b)  -> (artifact id: '43fdf78a51c29df2328190b21dbe2b26') in 0.146817 seconds 
========================================================================
Received Import Request.
  Time since last request: 0.000030 seconds.
  path: Assets/Bakery/examples/lightmaps/example_directional_SH_LMA1_L1y.tga
  artifactKey: Guid(6b863795a72f6304ab5384aef2e1158e) Importer(815301076,1909f56bfc062723c751e8b465ee728b)
Start importing Assets/Bakery/examples/lightmaps/example_directional_SH_LMA1_L1y.tga using Guid(6b863795a72f6304ab5384aef2e1158e) Importer(815301076,1909f56bfc062723c751e8b465ee728b)  -> (artifact id: '94d3e0aa5b2b2cfafa46eb1402519ac7') in 0.066691 seconds 
========================================================================
Received Import Request.
  Time since last request: 0.000021 seconds.
  path: Assets/Bakery/examples/lightmaps/LMGroup_Plane_RNM_RNM0.hdr
  artifactKey: Guid(86d8396daec28924c86305104af65700) Importer(815301076,1909f56bfc062723c751e8b465ee728b)
Start importing Assets/Bakery/examples/lightmaps/LMGroup_Plane_RNM_RNM0.hdr using Guid(86d8396daec28924c86305104af65700) Importer(815301076,1909f56bfc062723c751e8b465ee728b)  -> (artifact id: '2dc0121f1d542a9a9e4b3d093b620b43') in 0.043378 seconds 
========================================================================
Received Import Request.
  Time since last request: 0.000015 seconds.
  path: Assets/Character Movement Fundamentals/Example Scenes/Showcase/TopDownScene/ReflectionProbe-0.exr
  artifactKey: Guid(042c584ce1a1b7d45b0aadd662e4b5ba) Importer(815301076,1909f56bfc062723c751e8b465ee728b)
Start importing Assets/Character Movement Fundamentals/Example Scenes/Showcase/TopDownScene/ReflectionProbe-0.exr using Guid(042c584ce1a1b7d45b0aadd662e4b5ba) Importer(815301076,1909f56bfc062723c751e8b465ee728b)  -> (artifact id: '2ea1aa6bfb64a9aa4d7d6cbe305fb42d') in 0.077535 seconds 
========================================================================
Received Import Request.
  Time since last request: 0.000016 seconds.
  path: Assets/Bakery/examples/lightmaps/LMGroup_Plane_baked_normal_final.hdr
  artifactKey: Guid(775379b32f78f954ba8062f829ae2572) Importer(815301076,1909f56bfc062723c751e8b465ee728b)
Start importing Assets/Bakery/examples/lightmaps/LMGroup_Plane_baked_normal_final.hdr using Guid(775379b32f78f954ba8062f829ae2572) Importer(815301076,1909f56bfc062723c751e8b465ee728b)  -> (artifact id: '1a6c4181521d07031ce0147f0c47e2b9') in 0.028078 seconds 
========================================================================
Received Import Request.
  Time since last request: 0.000018 seconds.
  path: Assets/Bakery/examples/lightmaps/example_directional_SH_LM0_L1z.tga
  artifactKey: Guid(b3b3f060fbefd7942abe7e4a60893072) Importer(815301076,1909f56bfc062723c751e8b465ee728b)
Start importing Assets/Bakery/examples/lightmaps/example_directional_SH_LM0_L1z.tga using Guid(b3b3f060fbefd7942abe7e4a60893072) Importer(815301076,1909f56bfc062723c751e8b465ee728b)  -> (artifact id: 'de0319a09db49db68711f470d1828a2e') in 0.103568 seconds 
========================================================================
Received Import Request.
  Time since last request: 0.000019 seconds.
  path: Assets/Bakery/examples/content/vertexLM_text.png
  artifactKey: Guid(30ac1b79f815f6345968d1fe608692a3) Importer(815301076,1909f56bfc062723c751e8b465ee728b)
Start importing Assets/Bakery/examples/content/vertexLM_text.png using Guid(30ac1b79f815f6345968d1fe608692a3) Importer(815301076,1909f56bfc062723c751e8b465ee728b)  -> (artifact id: 'e33c032e0a7f912ef82fb61137b38924') in 0.080264 seconds 
========================================================================
Received Import Request.
  Time since last request: 0.000023 seconds.
  path: Assets/Bakery/ftUnitySpotTexture.bmp
  artifactKey: Guid(3a66602b8cc7fdd4ab57d07b4176432b) Importer(815301076,1909f56bfc062723c751e8b465ee728b)
Start importing Assets/Bakery/ftUnitySpotTexture.bmp using Guid(3a66602b8cc7fdd4ab57d07b4176432b) Importer(815301076,1909f56bfc062723c751e8b465ee728b)  -> (artifact id: '2f6f482cce1bcca75b2af1e1b736cf34') in 0.092205 seconds 
========================================================================
Received Import Request.
  Time since last request: 0.000015 seconds.
  path: Assets/Bakery/examples/content/sponza/sponza.fbm/sponza_column_b_bump.png
  artifactKey: Guid(03263fb76d7443d4db15f9097a7a6b87) Importer(815301076,1909f56bfc062723c751e8b465ee728b)
Start importing Assets/Bakery/examples/content/sponza/sponza.fbm/sponza_column_b_bump.png using Guid(03263fb76d7443d4db15f9097a7a6b87) Importer(815301076,1909f56bfc062723c751e8b465ee728b)  -> (artifact id: 'b8281750852e8f5803e962ba9fb47aaa') in 0.054821 seconds 
========================================================================
Received Import Request.
  Time since last request: 0.000016 seconds.
  path: Assets/Character Movement Fundamentals/Source/Environment/Textures/Tex_Grid_Orange.png
  artifactKey: Guid(64310863976bd0b4b96c829a5f6274ca) Importer(815301076,1909f56bfc062723c751e8b465ee728b)
Start importing Assets/Character Movement Fundamentals/Source/Environment/Textures/Tex_Grid_Orange.png using Guid(64310863976bd0b4b96c829a5f6274ca) Importer(815301076,1909f56bfc062723c751e8b465ee728b)  -> (artifact id: 'e4f538d8449791c5f089f05ad77e6247') in 0.099236 seconds 
========================================================================
Received Import Request.
  Time since last request: 0.000020 seconds.
  path: Assets/Bakery/examples/lightmaps/LMGroup_Plane_SH_L1z.tga
  artifactKey: Guid(283e4ac691381b542a0492f9af55743e) Importer(815301076,1909f56bfc062723c751e8b465ee728b)
Start importing Assets/Bakery/examples/lightmaps/LMGroup_Plane_SH_L1z.tga using Guid(283e4ac691381b542a0492f9af55743e) Importer(815301076,1909f56bfc062723c751e8b465ee728b)  -> (artifact id: '564423f39105ad2ee7c8456e2da5a198') in 0.019039 seconds 
========================================================================
Received Import Request.
  Time since last request: 0.000023 seconds.
  path: Assets/Bakery/examples/content/sponza/sponza.fbm/lion.png
  artifactKey: Guid(f3d786bc212949f4ebe652975cff9a98) Importer(815301076,1909f56bfc062723c751e8b465ee728b)
Start importing Assets/Bakery/examples/content/sponza/sponza.fbm/lion.png using Guid(f3d786bc212949f4ebe652975cff9a98) Importer(815301076,1909f56bfc062723c751e8b465ee728b)  -> (artifact id: '10bafa51955854d7b8f2b50c5de18878') in 0.085365 seconds 
========================================================================
Received Import Request.
  Time since last request: 0.000024 seconds.
  path: Assets/Character Movement Fundamentals/Example Scenes/Special/PlanetWalkerScene/ReflectionProbe-0.exr
  artifactKey: Guid(ddaf81d70a2ad5b46875d5f57c831860) Importer(815301076,1909f56bfc062723c751e8b465ee728b)
Start importing Assets/Character Movement Fundamentals/Example Scenes/Special/PlanetWalkerScene/ReflectionProbe-0.exr using Guid(ddaf81d70a2ad5b46875d5f57c831860) Importer(815301076,1909f56bfc062723c751e8b465ee728b)  -> (artifact id: '67cac5a83c1146646fa3e971523dd276') in 0.044504 seconds 
========================================================================
Received Import Request.
  Time since last request: 0.000019 seconds.
  path: Assets/Bakery/examples/lightmaps/LMGroup_Plane_SH_L0.hdr
  artifactKey: Guid(dacd01d1b375b924db94a6edaffa61d6) Importer(815301076,1909f56bfc062723c751e8b465ee728b)
Start importing Assets/Bakery/examples/lightmaps/LMGroup_Plane_SH_L0.hdr using Guid(dacd01d1b375b924db94a6edaffa61d6) Importer(815301076,1909f56bfc062723c751e8b465ee728b)  -> (artifact id: '3ae8fe190536ff3e8043f8b342f1ef84') in 0.044128 seconds 
========================================================================
Received Import Request.
  Time since last request: 0.000025 seconds.
  path: Assets/Bakery/examples/content/sponza/sponza.fbm/sponza_curtain_diff.png
  artifactKey: Guid(bd1f606b965b9c1498929217ffe65f96) Importer(815301076,1909f56bfc062723c751e8b465ee728b)
Start importing Assets/Bakery/examples/content/sponza/sponza.fbm/sponza_curtain_diff.png using Guid(bd1f606b965b9c1498929217ffe65f96) Importer(815301076,1909f56bfc062723c751e8b465ee728b)  -> (artifact id: '66dee5334595926dbaad4fb6fcfd8f7a') in 0.215196 seconds 
========================================================================
Received Import Request.
  Time since last request: 0.000019 seconds.
  path: Assets/Bakery/examples/content/sponza/sponza.fbm/chain_texture.png
  artifactKey: Guid(7cbb8805cd1ca9d4b803bacd0769bdc6) Importer(815301076,1909f56bfc062723c751e8b465ee728b)
Start importing Assets/Bakery/examples/content/sponza/sponza.fbm/chain_texture.png using Guid(7cbb8805cd1ca9d4b803bacd0769bdc6) Importer(815301076,1909f56bfc062723c751e8b465ee728b)  -> (artifact id: '195a7e5c03564b3eac54853a467cb79e') in 0.035921 seconds 
========================================================================
Received Import Request.
  Time since last request: 0.000016 seconds.
  path: Assets/Bakery/examples/content/sponza/sponza.fbm/sponza_roof_diff.png
  artifactKey: Guid(2adfae10edb0b9440883cddec08a8efd) Importer(815301076,1909f56bfc062723c751e8b465ee728b)
Start importing Assets/Bakery/examples/content/sponza/sponza.fbm/sponza_roof_diff.png using Guid(2adfae10edb0b9440883cddec08a8efd) Importer(815301076,1909f56bfc062723c751e8b465ee728b)  -> (artifact id: 'b8390d5f99ec689fc8532567a6fcc2f6') in 0.148274 seconds 
========================================================================
Received Import Request.
  Time since last request: 0.000018 seconds.
  path: Assets/Bakery/examples/content/sponza/sponza.fbm/vase_round.png
  artifactKey: Guid(f9fb6b25c6cd9a34ebeb4b3246744105) Importer(815301076,1909f56bfc062723c751e8b465ee728b)
Start importing Assets/Bakery/examples/content/sponza/sponza.fbm/vase_round.png using Guid(f9fb6b25c6cd9a34ebeb4b3246744105) Importer(815301076,1909f56bfc062723c751e8b465ee728b)  -> (artifact id: '3388a10d1146757a10f6281d65eed835') in 0.129600 seconds 
========================================================================
Received Import Request.
  Time since last request: 0.000019 seconds.
  path: Assets/Bakery/examples/lightmaps/example_directional_SH_LMA1_L1x.tga
  artifactKey: Guid(d8d237fd3bb7979478fb222bbf08fa03) Importer(815301076,1909f56bfc062723c751e8b465ee728b)
Start importing Assets/Bakery/examples/lightmaps/example_directional_SH_LMA1_L1x.tga using Guid(d8d237fd3bb7979478fb222bbf08fa03) Importer(815301076,1909f56bfc062723c751e8b465ee728b)  -> (artifact id: 'e4240c18da9313fa83f4ab8c4ec09497') in 0.172117 seconds 
========================================================================
Received Import Request.
  Time since last request: 0.000015 seconds.
  path: Assets/Editor/x64/Bakery/icon.png
  artifactKey: Guid(9f3214aa72e84444bafd15f7a4c74fd5) Importer(815301076,1909f56bfc062723c751e8b465ee728b)
Start importing Assets/Editor/x64/Bakery/icon.png using Guid(9f3214aa72e84444bafd15f7a4c74fd5) Importer(815301076,1909f56bfc062723c751e8b465ee728b)  -> (artifact id: 'd5ef2cc6674bb06a64e1095d0a06bb98') in 0.035789 seconds 
========================================================================
Received Import Request.
  Time since last request: 0.000017 seconds.
  path: Assets/Bakery/examples/lightmaps/example_directional_LM0_final.hdr
  artifactKey: Guid(e04cfaceb2759dc43a1d4182c8fc1b38) Importer(815301076,1909f56bfc062723c751e8b465ee728b)
Start importing Assets/Bakery/examples/lightmaps/example_directional_LM0_final.hdr using Guid(e04cfaceb2759dc43a1d4182c8fc1b38) Importer(815301076,1909f56bfc062723c751e8b465ee728b)  -> (artifact id: '260a394abea3d370cb66e97bd90aea5a') in 0.416386 seconds 
========================================================================
Received Import Request.
  Time since last request: 0.000019 seconds.
  path: Assets/Bakery/examples/content/sponza/sponza.fbm/sponza_column_b_diff.png
  artifactKey: Guid(984dc99e7d01b3c4e87f8895de965681) Importer(815301076,1909f56bfc062723c751e8b465ee728b)
Start importing Assets/Bakery/examples/content/sponza/sponza.fbm/sponza_column_b_diff.png using Guid(984dc99e7d01b3c4e87f8895de965681) Importer(815301076,1909f56bfc062723c751e8b465ee728b)  -> (artifact id: '2e1f982e805a04074cd923774b4545b8') in 0.127112 seconds 
========================================================================
Received Import Request.
  Time since last request: 0.000015 seconds.
  path: Assets/Bakery/examples/content/sponza/bush.fbm/kust.png
  artifactKey: Guid(b013711405ef8fd4c90d13acde9e5937) Importer(815301076,1909f56bfc062723c751e8b465ee728b)
Start importing Assets/Bakery/examples/content/sponza/bush.fbm/kust.png using Guid(b013711405ef8fd4c90d13acde9e5937) Importer(815301076,1909f56bfc062723c751e8b465ee728b)  -> (artifact id: '0652a976f7256653158360910d4cb614') in 0.089231 seconds 
========================================================================
Received Import Request.
  Time since last request: 0.000020 seconds.
  path: Assets/Bakery/examples/content/stainedglass.png
  artifactKey: Guid(99d95ea54afd895459384cec558dc940) Importer(815301076,1909f56bfc062723c751e8b465ee728b)
Start importing Assets/Bakery/examples/content/stainedglass.png using Guid(99d95ea54afd895459384cec558dc940) Importer(815301076,1909f56bfc062723c751e8b465ee728b)  -> (artifact id: '10808da3b2224b888fe4889525b6a623') in 0.066991 seconds 
========================================================================
Received Import Request.
  Time since last request: 0.000020 seconds.
  path: Assets/Character Movement Fundamentals/Source/Capguy/Model/Textures/Tex_Capguy.png
  artifactKey: Guid(cc84019a64d0e9f4eb9bfe747b7afe8a) Importer(815301076,1909f56bfc062723c751e8b465ee728b)
Start importing Assets/Character Movement Fundamentals/Source/Capguy/Model/Textures/Tex_Capguy.png using Guid(cc84019a64d0e9f4eb9bfe747b7afe8a) Importer(815301076,1909f56bfc062723c751e8b465ee728b)  -> (artifact id: '128cdd0355d9fad9a01ce2c07bd8a144') in 0.009128 seconds 
========================================================================
Received Import Request.
  Time since last request: 0.000016 seconds.
  path: Assets/Bakery/examples/content/ftlogo.png
  artifactKey: Guid(a75118087a5b8ea41a9f58ce5debb2d2) Importer(815301076,1909f56bfc062723c751e8b465ee728b)
Start importing Assets/Bakery/examples/content/ftlogo.png using Guid(a75118087a5b8ea41a9f58ce5debb2d2) Importer(815301076,1909f56bfc062723c751e8b465ee728b)  -> (artifact id: 'a69501d13f1cecf1fd9a8cd277fba334') in 0.081746 seconds 
========================================================================
Received Import Request.
  Time since last request: 0.000018 seconds.
  path: Assets/Bakery/examples/content/sponza/sponza.fbm/sponza_fabric_green_diff.png
  artifactKey: Guid(dc2994fef2ae17243a06cf0297821214) Importer(815301076,1909f56bfc062723c751e8b465ee728b)
Start importing Assets/Bakery/examples/content/sponza/sponza.fbm/sponza_fabric_green_diff.png using Guid(dc2994fef2ae17243a06cf0297821214) Importer(815301076,1909f56bfc062723c751e8b465ee728b)  -> (artifact id: 'f3acca3d58b0fe196231df8cea280421') in 0.053797 seconds 
========================================================================
Received Import Request.
  Time since last request: 0.000017 seconds.
  path: Assets/Bakery/examples/content/sponza/sponza.fbm/chain_texture_bump.png
  artifactKey: Guid(129816b661f188d46a971be1f1a30c59) Importer(815301076,1909f56bfc062723c751e8b465ee728b)
Start importing Assets/Bakery/examples/content/sponza/sponza.fbm/chain_texture_bump.png using Guid(129816b661f188d46a971be1f1a30c59) Importer(815301076,1909f56bfc062723c751e8b465ee728b)  -> (artifact id: '5bb184955ab5993c09864c227d6bcece') in 0.112187 seconds 
========================================================================
Received Prepare
Registering precompiled user dll's ...
Registered in 0.007801 seconds.
Begin MonoManager ReloadAssembly
Symbol file LoadedFromMemory doesn't match image D:\Documenten\Git\Personal\Unity\Island\Library\PackageCache\com.unity.visualscripting@1.7.8\Editor\VisualScripting.Core\Dependencies\DotNetZip\Unity.VisualScripting.IonicZip.dll
Symbol file LoadedFromMemory doesn't match image D:\Documenten\Git\Personal\Unity\Island\Library\PackageCache\com.unity.visualscripting@1.7.8\Editor\VisualScripting.Core\Dependencies\YamlDotNet\Unity.VisualScripting.YamlDotNet.dll
Native extension for WindowsStandalone target not found
Refreshing native plugins compatible for Editor in 1.26 ms, found 24 plugins.
Preloading 0 native plugins for Editor in 0.00 ms.
Mono: successfully reloaded assembly
- Completed reload, in  0.867 seconds
Domain Reload Profiling:
	ReloadAssembly (868ms)
		BeginReloadAssembly (114ms)
			ExecutionOrderSort (0ms)
			DisableScriptedObjects (3ms)
			BackupInstance (0ms)
			ReleaseScriptingObjects (0ms)
			CreateAndSetChildDomain (31ms)
		EndReloadAssembly (689ms)
			LoadAssemblies (83ms)
			RebuildTransferFunctionScriptingTraits (0ms)
			SetupTypeCache (197ms)
			ReleaseScriptCaches (2ms)
			RebuildScriptCaches (35ms)
			SetupLoadedEditorAssemblies (323ms)
				LogAssemblyErrors (0ms)
				InitializePlatformSupportModulesInManaged (9ms)
				SetLoadedEditorAssemblies (0ms)
				RefreshPlugins (1ms)
				BeforeProcessingInitializeOnLoad (60ms)
				ProcessInitializeOnLoadAttributes (183ms)
				ProcessInitializeOnLoadMethodAttributes (67ms)
				AfterProcessingInitializeOnLoad (2ms)
				EditorAssembliesLoaded (0ms)
			ExecutionOrderSort2 (0ms)
			AwakeInstancesAfterBackupRestoration (14ms)
Platform modules already initialized, skipping
Refreshing native plugins compatible for Editor in 5.27 ms, found 24 plugins.
Preloading 0 native plugins for Editor in 0.00 ms.
Unloading 5026 Unused Serialized files (Serialized files now loaded: 0)
Unloading 53 unused Assets / (0.8 MB). Loaded Objects now: 5694.
Memory consumption went from 204.6 MB to 203.7 MB.
Total: 3.012500 ms (FindLiveObjects: 0.321400 ms CreateObjectMapping: 0.127700 ms MarkObjects: 2.248000 ms  DeleteObjects: 0.314400 ms)

AssetImportParameters requested are different than current active one (requested -> active):
  custom:video-decoder-ogg-theora: a1e56fd34408186e4bbccfd4996cb3dc -> 
  custom:container-muxer-webm: aa71ff27fc2769a1b78a27578f13a17b -> 
  custom:container-demuxer-webm: 4f35f7cbe854078d1ac9338744f61a02 -> 
  custom:video-encoder-webm-vp8: eb34c28f22e8b96e1ab97ce403110664 -> 
  custom:audio-encoder-webm-vorbis: bf7c407c2cedff20999df2af8eb42d56 -> 
  custom:framework-win-MediaFoundation: 216162199b28c13a410421893ffa2e32 -> 
  custom:container-demuxer-ogg: 62fdf1f143b41e24485cea50d1cbac27 -> 
  custom:video-decoder-webm-vp8: 9c59270c3fd7afecdb556c50c9e8de78 -> 
  custom:audio-decoder-ogg-vorbis: bf7c407c2cedff20999df2af8eb42d56 -> 
========================================================================
Received Prepare
Registering precompiled user dll's ...
Registered in 0.007593 seconds.
Begin MonoManager ReloadAssembly
Symbol file LoadedFromMemory doesn't match image D:\Documenten\Git\Personal\Unity\Island\Library\PackageCache\com.unity.visualscripting@1.7.8\Editor\VisualScripting.Core\Dependencies\DotNetZip\Unity.VisualScripting.IonicZip.dll
Symbol file LoadedFromMemory doesn't match image D:\Documenten\Git\Personal\Unity\Island\Library\PackageCache\com.unity.visualscripting@1.7.8\Editor\VisualScripting.Core\Dependencies\YamlDotNet\Unity.VisualScripting.YamlDotNet.dll
Native extension for WindowsStandalone target not found
Refreshing native plugins compatible for Editor in 0.98 ms, found 24 plugins.
Preloading 0 native plugins for Editor in 0.00 ms.
Mono: successfully reloaded assembly
- Completed reload, in  0.826 seconds
Domain Reload Profiling:
	ReloadAssembly (827ms)
		BeginReloadAssembly (124ms)
			ExecutionOrderSort (0ms)
			DisableScriptedObjects (4ms)
			BackupInstance (0ms)
			ReleaseScriptingObjects (0ms)
			CreateAndSetChildDomain (33ms)
		EndReloadAssembly (636ms)
			LoadAssemblies (89ms)
			RebuildTransferFunctionScriptingTraits (0ms)
			SetupTypeCache (186ms)
			ReleaseScriptCaches (1ms)
			RebuildScriptCaches (29ms)
			SetupLoadedEditorAssemblies (301ms)
				LogAssemblyErrors (0ms)
				InitializePlatformSupportModulesInManaged (9ms)
				SetLoadedEditorAssemblies (0ms)
				RefreshPlugins (1ms)
				BeforeProcessingInitializeOnLoad (57ms)
				ProcessInitializeOnLoadAttributes (170ms)
				ProcessInitializeOnLoadMethodAttributes (62ms)
				AfterProcessingInitializeOnLoad (2ms)
				EditorAssembliesLoaded (0ms)
			ExecutionOrderSort2 (0ms)
			AwakeInstancesAfterBackupRestoration (13ms)
Platform modules already initialized, skipping
Refreshing native plugins compatible for Editor in 5.03 ms, found 24 plugins.
Preloading 0 native plugins for Editor in 0.00 ms.
Unloading 5026 Unused Serialized files (Serialized files now loaded: 0)
Unloading 53 unused Assets / (0.8 MB). Loaded Objects now: 5697.
Memory consumption went from 204.6 MB to 203.7 MB.
Total: 3.016000 ms (FindLiveObjects: 0.353800 ms CreateObjectMapping: 0.109000 ms MarkObjects: 2.236500 ms  DeleteObjects: 0.316100 ms)

AssetImportParameters requested are different than current active one (requested -> active):
  custom:video-decoder-ogg-theora: a1e56fd34408186e4bbccfd4996cb3dc -> 
  custom:container-muxer-webm: aa71ff27fc2769a1b78a27578f13a17b -> 
  custom:container-demuxer-webm: 4f35f7cbe854078d1ac9338744f61a02 -> 
  custom:video-encoder-webm-vp8: eb34c28f22e8b96e1ab97ce403110664 -> 
  custom:audio-encoder-webm-vorbis: bf7c407c2cedff20999df2af8eb42d56 -> 
  custom:framework-win-MediaFoundation: 216162199b28c13a410421893ffa2e32 -> 
  custom:container-demuxer-ogg: 62fdf1f143b41e24485cea50d1cbac27 -> 
  custom:video-decoder-webm-vp8: 9c59270c3fd7afecdb556c50c9e8de78 -> 
  custom:audio-decoder-ogg-vorbis: bf7c407c2cedff20999df2af8eb42d56 -> 
========================================================================
Received Prepare
Registering precompiled user dll's ...
Registered in 0.007853 seconds.
Begin MonoManager ReloadAssembly
Symbol file LoadedFromMemory doesn't match image D:\Documenten\Git\Personal\Unity\Island\Library\PackageCache\com.unity.visualscripting@1.7.8\Editor\VisualScripting.Core\Dependencies\DotNetZip\Unity.VisualScripting.IonicZip.dll
Symbol file LoadedFromMemory doesn't match image D:\Documenten\Git\Personal\Unity\Island\Library\PackageCache\com.unity.visualscripting@1.7.8\Editor\VisualScripting.Core\Dependencies\YamlDotNet\Unity.VisualScripting.YamlDotNet.dll
Native extension for WindowsStandalone target not found
Refreshing native plugins compatible for Editor in 1.75 ms, found 24 plugins.
Preloading 0 native plugins for Editor in 0.00 ms.
Mono: successfully reloaded assembly
- Completed reload, in  0.911 seconds
Domain Reload Profiling:
	ReloadAssembly (911ms)
		BeginReloadAssembly (144ms)
			ExecutionOrderSort (0ms)
			DisableScriptedObjects (5ms)
			BackupInstance (0ms)
			ReleaseScriptingObjects (0ms)
			CreateAndSetChildDomain (32ms)
		EndReloadAssembly (704ms)
			LoadAssemblies (108ms)
			RebuildTransferFunctionScriptingTraits (0ms)
			SetupTypeCache (191ms)
			ReleaseScriptCaches (2ms)
			RebuildScriptCaches (33ms)
			SetupLoadedEditorAssemblies (348ms)
				LogAssemblyErrors (0ms)
				InitializePlatformSupportModulesInManaged (12ms)
				SetLoadedEditorAssemblies (1ms)
				RefreshPlugins (2ms)
				BeforeProcessingInitializeOnLoad (68ms)
				ProcessInitializeOnLoadAttributes (194ms)
				ProcessInitializeOnLoadMethodAttributes (69ms)
				AfterProcessingInitializeOnLoad (3ms)
				EditorAssembliesLoaded (0ms)
			ExecutionOrderSort2 (0ms)
			AwakeInstancesAfterBackupRestoration (15ms)
Platform modules already initialized, skipping
Refreshing native plugins compatible for Editor in 5.51 ms, found 24 plugins.
Preloading 0 native plugins for Editor in 0.00 ms.
Unloading 5026 Unused Serialized files (Serialized files now loaded: 0)
Unloading 53 unused Assets / (0.8 MB). Loaded Objects now: 5700.
Memory consumption went from 204.6 MB to 203.7 MB.
Total: 3.158800 ms (FindLiveObjects: 0.482400 ms CreateObjectMapping: 0.113700 ms MarkObjects: 2.228500 ms  DeleteObjects: 0.333300 ms)

AssetImportParameters requested are different than current active one (requested -> active):
  custom:video-decoder-ogg-theora: a1e56fd34408186e4bbccfd4996cb3dc -> 
  custom:container-muxer-webm: aa71ff27fc2769a1b78a27578f13a17b -> 
  custom:container-demuxer-webm: 4f35f7cbe854078d1ac9338744f61a02 -> 
  custom:video-encoder-webm-vp8: eb34c28f22e8b96e1ab97ce403110664 -> 
  custom:audio-encoder-webm-vorbis: bf7c407c2cedff20999df2af8eb42d56 -> 
  custom:framework-win-MediaFoundation: 216162199b28c13a410421893ffa2e32 -> 
  custom:container-demuxer-ogg: 62fdf1f143b41e24485cea50d1cbac27 -> 
  custom:video-decoder-webm-vp8: 9c59270c3fd7afecdb556c50c9e8de78 -> 
  custom:audio-decoder-ogg-vorbis: bf7c407c2cedff20999df2af8eb42d56 -> 
