Using pre-set license
Built from '2021.3/staging' branch; Version is '2021.3.4f1 (cb45f9cae8b7) revision 13321721'; Using compiler version '192829333'; Build Type 'Release'
OS: 'Windows 10  (10.0.19043) 64bit Professional' Language: 'en' Physical Memory: 32714 MB
BatchMode: 1, IsHumanControllingUs: 0, StartBugReporterOnCrash: 0, Is64bit: 1, IsPro: 1

COMMAND LINE ARGUMENTS:
E:\Program Files\Unity\Versions\2021.3.4f1\Editor\Unity.exe
-adb2
-batchMode
-noUpm
-name
AssetImportWorker1
-projectPath
D:/Documenten/Git/Personal/Unity/Island
-logFile
Logs/AssetImportWorker1.log
-srvPort
61249
Successfully changed project path to: D:/Documenten/Git/Personal/Unity/Island
D:/Documenten/Git/Personal/Unity/Island
[UnityMemory] Configuration Parameters - Can be set up in boot.config
    "memorysetup-bucket-allocator-granularity=16"
    "memorysetup-bucket-allocator-bucket-count=8"
    "memorysetup-bucket-allocator-block-size=33554432"
    "memorysetup-bucket-allocator-block-count=8"
    "memorysetup-main-allocator-block-size=16777216"
    "memorysetup-thread-allocator-block-size=16777216"
    "memorysetup-gfx-main-allocator-block-size=16777216"
    "memorysetup-gfx-thread-allocator-block-size=16777216"
    "memorysetup-cache-allocator-block-size=4194304"
    "memorysetup-typetree-allocator-block-size=2097152"
    "memorysetup-profiler-bucket-allocator-granularity=16"
    "memorysetup-profiler-bucket-allocator-bucket-count=8"
    "memorysetup-profiler-bucket-allocator-block-size=33554432"
    "memorysetup-profiler-bucket-allocator-block-count=8"
    "memorysetup-profiler-allocator-block-size=16777216"
    "memorysetup-profiler-editor-allocator-block-size=1048576"
    "memorysetup-temp-allocator-size-main=16777216"
    "memorysetup-job-temp-allocator-block-size=2097152"
    "memorysetup-job-temp-allocator-block-size-background=1048576"
    "memorysetup-job-temp-allocator-reduction-small-platforms=262144"
    "memorysetup-temp-allocator-size-background-worker=32768"
    "memorysetup-temp-allocator-size-job-worker=262144"
    "memorysetup-temp-allocator-size-preload-manager=33554432"
    "memorysetup-temp-allocator-size-nav-mesh-worker=65536"
    "memorysetup-temp-allocator-size-audio-worker=65536"
    "memorysetup-temp-allocator-size-cloud-worker=32768"
    "memorysetup-temp-allocator-size-gi-baking-worker=262144"
    "memorysetup-temp-allocator-size-gfx=262144"
Refreshing native plugins compatible for Editor in 79.88 ms, found 24 plugins.
Preloading 0 native plugins for Editor in 0.00 ms.
Initialize engine version: 2021.3.4f1 (cb45f9cae8b7)
[Subsystems] Discovering subsystems at path E:/Program Files/Unity/Versions/2021.3.4f1/Editor/Data/Resources/UnitySubsystems
[Subsystems] Discovering subsystems at path D:/Documenten/Git/Personal/Unity/Island/Assets
GfxDevice: creating device client; threaded=0; jobified=0
Direct3D:
    Version:  Direct3D 11.0 [level 11.1]
    Renderer: NVIDIA GeForce GTX 1070 (ID=0x1b81)
    Vendor:   NVIDIA
    VRAM:     8088 MB
    Driver:   30.0.15.1295
Initialize mono
Mono path[0] = 'E:/Program Files/Unity/Versions/2021.3.4f1/Editor/Data/Managed'
Mono path[1] = 'E:/Program Files/Unity/Versions/2021.3.4f1/Editor/Data/MonoBleedingEdge/lib/mono/unityjit-win32'
Mono config path = 'E:/Program Files/Unity/Versions/2021.3.4f1/Editor/Data/MonoBleedingEdge/etc'
Using monoOptions --debugger-agent=transport=dt_socket,embedding=1,server=y,suspend=n,address=127.0.0.1:56608
Begin MonoManager ReloadAssembly
Registering precompiled unity dll's ...
Register platform support module: E:/Program Files/Unity/Versions/2021.3.4f1/Editor/Data/PlaybackEngines/WindowsStandaloneSupport/UnityEditor.WindowsStandalone.Extensions.dll
Registered in 0.002394 seconds.
Native extension for WindowsStandalone target not found
Refreshing native plugins compatible for Editor in 77.03 ms, found 24 plugins.
Preloading 0 native plugins for Editor in 0.00 ms.
Mono: successfully reloaded assembly
- Completed reload, in  0.452 seconds
Domain Reload Profiling:
	ReloadAssembly (452ms)
		BeginReloadAssembly (58ms)
			ExecutionOrderSort (0ms)
			DisableScriptedObjects (0ms)
			BackupInstance (0ms)
			ReleaseScriptingObjects (0ms)
			CreateAndSetChildDomain (1ms)
		EndReloadAssembly (325ms)
			LoadAssemblies (58ms)
			RebuildTransferFunctionScriptingTraits (0ms)
			SetupTypeCache (65ms)
			ReleaseScriptCaches (0ms)
			RebuildScriptCaches (16ms)
			SetupLoadedEditorAssemblies (210ms)
				LogAssemblyErrors (0ms)
				InitializePlatformSupportModulesInManaged (5ms)
				SetLoadedEditorAssemblies (0ms)
				RefreshPlugins (77ms)
				BeforeProcessingInitializeOnLoad (1ms)
				ProcessInitializeOnLoadAttributes (97ms)
				ProcessInitializeOnLoadMethodAttributes (30ms)
				AfterProcessingInitializeOnLoad (0ms)
				EditorAssembliesLoaded (0ms)
			ExecutionOrderSort2 (0ms)
			AwakeInstancesAfterBackupRestoration (0ms)
Platform modules already initialized, skipping
Registering precompiled user dll's ...
Registered in 0.007020 seconds.
Begin MonoManager ReloadAssembly
Symbol file LoadedFromMemory doesn't match image D:\Documenten\Git\Personal\Unity\Island\Library\PackageCache\com.unity.visualscripting@1.7.8\Editor\VisualScripting.Core\Dependencies\DotNetZip\Unity.VisualScripting.IonicZip.dll
Symbol file LoadedFromMemory doesn't match image D:\Documenten\Git\Personal\Unity\Island\Library\PackageCache\com.unity.visualscripting@1.7.8\Editor\VisualScripting.Core\Dependencies\YamlDotNet\Unity.VisualScripting.YamlDotNet.dll
Native extension for WindowsStandalone target not found
Refreshing native plugins compatible for Editor in 74.66 ms, found 24 plugins.
Preloading 0 native plugins for Editor in 0.00 ms.
Mono: successfully reloaded assembly
- Completed reload, in  0.881 seconds
Domain Reload Profiling:
	ReloadAssembly (882ms)
		BeginReloadAssembly (95ms)
			ExecutionOrderSort (0ms)
			DisableScriptedObjects (5ms)
			BackupInstance (0ms)
			ReleaseScriptingObjects (0ms)
			CreateAndSetChildDomain (14ms)
		EndReloadAssembly (705ms)
			LoadAssemblies (82ms)
			RebuildTransferFunctionScriptingTraits (0ms)
			SetupTypeCache (174ms)
			ReleaseScriptCaches (1ms)
			RebuildScriptCaches (40ms)
			SetupLoadedEditorAssemblies (399ms)
				LogAssemblyErrors (0ms)
				InitializePlatformSupportModulesInManaged (2ms)
				SetLoadedEditorAssemblies (0ms)
				RefreshPlugins (75ms)
				BeforeProcessingInitializeOnLoad (73ms)
				ProcessInitializeOnLoadAttributes (188ms)
				ProcessInitializeOnLoadMethodAttributes (59ms)
				AfterProcessingInitializeOnLoad (3ms)
				EditorAssembliesLoaded (0ms)
			ExecutionOrderSort2 (0ms)
			AwakeInstancesAfterBackupRestoration (4ms)
Platform modules already initialized, skipping
========================================================================
Worker process is ready to serve import requests
Launched and connected shader compiler UnityShaderCompiler.exe after 0.04 seconds
Refreshing native plugins compatible for Editor in 0.87 ms, found 24 plugins.
Preloading 0 native plugins for Editor in 0.00 ms.
Unloading 5163 Unused Serialized files (Serialized files now loaded: 0)
Unloading 60 unused Assets / (0.9 MB). Loaded Objects now: 5593.
Memory consumption went from 206.2 MB to 205.4 MB.
Total: 3.064500 ms (FindLiveObjects: 0.371200 ms CreateObjectMapping: 0.123500 ms MarkObjects: 2.275200 ms  DeleteObjects: 0.293500 ms)

AssetImportParameters requested are different than current active one (requested -> active):
  custom:video-decoder-ogg-theora: a1e56fd34408186e4bbccfd4996cb3dc -> 
  custom:container-muxer-webm: aa71ff27fc2769a1b78a27578f13a17b -> 
  custom:container-demuxer-webm: 4f35f7cbe854078d1ac9338744f61a02 -> 
  custom:video-encoder-webm-vp8: eb34c28f22e8b96e1ab97ce403110664 -> 
  custom:audio-encoder-webm-vorbis: bf7c407c2cedff20999df2af8eb42d56 -> 
  custom:framework-win-MediaFoundation: 216162199b28c13a410421893ffa2e32 -> 
  custom:container-demuxer-ogg: 62fdf1f143b41e24485cea50d1cbac27 -> 
  custom:video-decoder-webm-vp8: 9c59270c3fd7afecdb556c50c9e8de78 -> 
  custom:audio-decoder-ogg-vorbis: bf7c407c2cedff20999df2af8eb42d56 -> 
========================================================================
Received Import Request.
  Time since last request: 1635.017514 seconds.
  path: Assets/Character Movement Fundamentals/Prefabs/Controller/Blank/ThirdPersonWalker_C.prefab
  artifactKey: Guid(02db1269cd824a742a44596330eb0f28) Importer(815301076,1909f56bfc062723c751e8b465ee728b)
Start importing Assets/Character Movement Fundamentals/Prefabs/Controller/Blank/ThirdPersonWalker_C.prefab using Guid(02db1269cd824a742a44596330eb0f28) Importer(815301076,1909f56bfc062723c751e8b465ee728b)  -> (artifact id: 'f317191a23ee8f53ba0b69af1fe75b38') in 0.189852 seconds 
========================================================================
Received Import Request.
  Time since last request: 0.000021 seconds.
  path: Assets/Character Movement Fundamentals/Prefabs/Controller/Blank/ThirdPersonWalker_A.prefab
  artifactKey: Guid(a00ef768dbc458c49b48d4172fcdc73f) Importer(815301076,1909f56bfc062723c751e8b465ee728b)
Start importing Assets/Character Movement Fundamentals/Prefabs/Controller/Blank/ThirdPersonWalker_A.prefab using Guid(a00ef768dbc458c49b48d4172fcdc73f) Importer(815301076,1909f56bfc062723c751e8b465ee728b)  -> (artifact id: 'e8510e13c2866964a1b3848fc247b93a') in 0.036851 seconds 
========================================================================
Received Prepare
Registering precompiled user dll's ...
Registered in 0.008205 seconds.
Begin MonoManager ReloadAssembly
Symbol file LoadedFromMemory doesn't match image D:\Documenten\Git\Personal\Unity\Island\Library\PackageCache\com.unity.visualscripting@1.7.8\Editor\VisualScripting.Core\Dependencies\DotNetZip\Unity.VisualScripting.IonicZip.dll
Symbol file LoadedFromMemory doesn't match image D:\Documenten\Git\Personal\Unity\Island\Library\PackageCache\com.unity.visualscripting@1.7.8\Editor\VisualScripting.Core\Dependencies\YamlDotNet\Unity.VisualScripting.YamlDotNet.dll
Native extension for WindowsStandalone target not found
Refreshing native plugins compatible for Editor in 1.00 ms, found 24 plugins.
Preloading 0 native plugins for Editor in 0.00 ms.
Mono: successfully reloaded assembly
- Completed reload, in  0.856 seconds
Domain Reload Profiling:
	ReloadAssembly (857ms)
		BeginReloadAssembly (119ms)
			ExecutionOrderSort (0ms)
			DisableScriptedObjects (7ms)
			BackupInstance (0ms)
			ReleaseScriptingObjects (0ms)
			CreateAndSetChildDomain (34ms)
		EndReloadAssembly (673ms)
			LoadAssemblies (81ms)
			RebuildTransferFunctionScriptingTraits (0ms)
			SetupTypeCache (187ms)
			ReleaseScriptCaches (1ms)
			RebuildScriptCaches (30ms)
			SetupLoadedEditorAssemblies (322ms)
				LogAssemblyErrors (0ms)
				InitializePlatformSupportModulesInManaged (8ms)
				SetLoadedEditorAssemblies (0ms)
				RefreshPlugins (1ms)
				BeforeProcessingInitializeOnLoad (57ms)
				ProcessInitializeOnLoadAttributes (182ms)
				ProcessInitializeOnLoadMethodAttributes (68ms)
				AfterProcessingInitializeOnLoad (4ms)
				EditorAssembliesLoaded (0ms)
			ExecutionOrderSort2 (0ms)
			AwakeInstancesAfterBackupRestoration (17ms)
Platform modules already initialized, skipping
Refreshing native plugins compatible for Editor in 5.75 ms, found 24 plugins.
Preloading 0 native plugins for Editor in 0.00 ms.
Unloading 5025 Unused Serialized files (Serialized files now loaded: 0)
Unloading 53 unused Assets / (0.8 MB). Loaded Objects now: 5654.
Memory consumption went from 203.9 MB to 203.0 MB.
Total: 2.959600 ms (FindLiveObjects: 0.345600 ms CreateObjectMapping: 0.115100 ms MarkObjects: 2.211000 ms  DeleteObjects: 0.287200 ms)

AssetImportParameters requested are different than current active one (requested -> active):
  custom:video-decoder-ogg-theora: a1e56fd34408186e4bbccfd4996cb3dc -> 
  custom:container-muxer-webm: aa71ff27fc2769a1b78a27578f13a17b -> 
  custom:container-demuxer-webm: 4f35f7cbe854078d1ac9338744f61a02 -> 
  custom:video-encoder-webm-vp8: eb34c28f22e8b96e1ab97ce403110664 -> 
  custom:audio-encoder-webm-vorbis: bf7c407c2cedff20999df2af8eb42d56 -> 
  custom:framework-win-MediaFoundation: 216162199b28c13a410421893ffa2e32 -> 
  custom:container-demuxer-ogg: 62fdf1f143b41e24485cea50d1cbac27 -> 
  custom:video-decoder-webm-vp8: 9c59270c3fd7afecdb556c50c9e8de78 -> 
  custom:audio-decoder-ogg-vorbis: bf7c407c2cedff20999df2af8eb42d56 -> 
========================================================================
Received Prepare
Registering precompiled user dll's ...
Registered in 0.006911 seconds.
Begin MonoManager ReloadAssembly
Symbol file LoadedFromMemory doesn't match image D:\Documenten\Git\Personal\Unity\Island\Library\PackageCache\com.unity.visualscripting@1.7.8\Editor\VisualScripting.Core\Dependencies\DotNetZip\Unity.VisualScripting.IonicZip.dll
Symbol file LoadedFromMemory doesn't match image D:\Documenten\Git\Personal\Unity\Island\Library\PackageCache\com.unity.visualscripting@1.7.8\Editor\VisualScripting.Core\Dependencies\YamlDotNet\Unity.VisualScripting.YamlDotNet.dll
Native extension for WindowsStandalone target not found
Refreshing native plugins compatible for Editor in 1.44 ms, found 24 plugins.
Preloading 0 native plugins for Editor in 0.00 ms.
Mono: successfully reloaded assembly
- Completed reload, in  0.834 seconds
Domain Reload Profiling:
	ReloadAssembly (835ms)
		BeginReloadAssembly (110ms)
			ExecutionOrderSort (0ms)
			DisableScriptedObjects (4ms)
			BackupInstance (0ms)
			ReleaseScriptingObjects (0ms)
			CreateAndSetChildDomain (30ms)
		EndReloadAssembly (659ms)
			LoadAssemblies (81ms)
			RebuildTransferFunctionScriptingTraits (0ms)
			SetupTypeCache (181ms)
			ReleaseScriptCaches (2ms)
			RebuildScriptCaches (28ms)
			SetupLoadedEditorAssemblies (320ms)
				LogAssemblyErrors (0ms)
				InitializePlatformSupportModulesInManaged (9ms)
				SetLoadedEditorAssemblies (0ms)
				RefreshPlugins (1ms)
				BeforeProcessingInitializeOnLoad (58ms)
				ProcessInitializeOnLoadAttributes (175ms)
				ProcessInitializeOnLoadMethodAttributes (73ms)
				AfterProcessingInitializeOnLoad (3ms)
				EditorAssembliesLoaded (0ms)
			ExecutionOrderSort2 (0ms)
			AwakeInstancesAfterBackupRestoration (16ms)
Platform modules already initialized, skipping
Refreshing native plugins compatible for Editor in 4.96 ms, found 24 plugins.
Preloading 0 native plugins for Editor in 0.00 ms.
Unloading 5026 Unused Serialized files (Serialized files now loaded: 0)
Unloading 53 unused Assets / (0.8 MB). Loaded Objects now: 5657.
Memory consumption went from 203.9 MB to 203.1 MB.
Total: 3.063300 ms (FindLiveObjects: 0.351600 ms CreateObjectMapping: 0.132900 ms MarkObjects: 2.263500 ms  DeleteObjects: 0.314800 ms)

AssetImportParameters requested are different than current active one (requested -> active):
  custom:video-decoder-ogg-theora: a1e56fd34408186e4bbccfd4996cb3dc -> 
  custom:container-muxer-webm: aa71ff27fc2769a1b78a27578f13a17b -> 
  custom:container-demuxer-webm: 4f35f7cbe854078d1ac9338744f61a02 -> 
  custom:video-encoder-webm-vp8: eb34c28f22e8b96e1ab97ce403110664 -> 
  custom:audio-encoder-webm-vorbis: bf7c407c2cedff20999df2af8eb42d56 -> 
  custom:framework-win-MediaFoundation: 216162199b28c13a410421893ffa2e32 -> 
  custom:container-demuxer-ogg: 62fdf1f143b41e24485cea50d1cbac27 -> 
  custom:video-decoder-webm-vp8: 9c59270c3fd7afecdb556c50c9e8de78 -> 
  custom:audio-decoder-ogg-vorbis: bf7c407c2cedff20999df2af8eb42d56 -> 
========================================================================
Received Import Request.
  Time since last request: 885.172079 seconds.
  path: Assets/Bakery/examples/content/sponza/sponza.fbm/background.png
  artifactKey: Guid(4a3ea3eb16909a646a66ff7b19d31788) Importer(815301076,1909f56bfc062723c751e8b465ee728b)
Start importing Assets/Bakery/examples/content/sponza/sponza.fbm/background.png using Guid(4a3ea3eb16909a646a66ff7b19d31788) Importer(815301076,1909f56bfc062723c751e8b465ee728b)  -> (artifact id: '16288d93a74cde4eddccb1ae025d0d7b') in 0.172834 seconds 
========================================================================
Received Import Request.
  Time since last request: 0.000021 seconds.
  path: Assets/Bakery/examples/lightmaps/example_shadowmask_LMA1_final.hdr
  artifactKey: Guid(1f723b422002bd94a811653759f73495) Importer(815301076,1909f56bfc062723c751e8b465ee728b)
Start importing Assets/Bakery/examples/lightmaps/example_shadowmask_LMA1_final.hdr using Guid(1f723b422002bd94a811653759f73495) Importer(815301076,1909f56bfc062723c751e8b465ee728b)  -> (artifact id: '967062e7773b884c3295a77309926c06') in 0.110889 seconds 
========================================================================
Received Import Request.
  Time since last request: 0.000020 seconds.
  path: Assets/Bakery/examples/content/sponza/sponza.fbm/sponza_column_c_diff.png
  artifactKey: Guid(4595847f20c2c344789ed459cec8e799) Importer(815301076,1909f56bfc062723c751e8b465ee728b)
Start importing Assets/Bakery/examples/content/sponza/sponza.fbm/sponza_column_c_diff.png using Guid(4595847f20c2c344789ed459cec8e799) Importer(815301076,1909f56bfc062723c751e8b465ee728b)  -> (artifact id: '2e64aeb3a3ff3fcf6e6985cf5dc4993b') in 0.092824 seconds 
========================================================================
Received Import Request.
  Time since last request: 0.000024 seconds.
  path: Assets/Bakery/examples/lightmaps/example_prefabs_bake_LM0_final.hdr
  artifactKey: Guid(5679d358d392b9044bb9cc02f954f0e2) Importer(815301076,1909f56bfc062723c751e8b465ee728b)
Start importing Assets/Bakery/examples/lightmaps/example_prefabs_bake_LM0_final.hdr using Guid(5679d358d392b9044bb9cc02f954f0e2) Importer(815301076,1909f56bfc062723c751e8b465ee728b)  -> (artifact id: 'b827e04e32ac04c88a0ab4ddd19c4fd5') in 0.119546 seconds 
========================================================================
Received Import Request.
  Time since last request: 0.000018 seconds.
  path: Assets/Bakery/examples/content/testColors.png
  artifactKey: Guid(27264baeb532294478c4f3ae30b0df84) Importer(815301076,1909f56bfc062723c751e8b465ee728b)
Start importing Assets/Bakery/examples/content/testColors.png using Guid(27264baeb532294478c4f3ae30b0df84) Importer(815301076,1909f56bfc062723c751e8b465ee728b)  -> (artifact id: 'd8b7f11332065e7b88cdd6c5cc20da4f') in 0.060213 seconds 
========================================================================
Received Import Request.
  Time since last request: 0.000022 seconds.
  path: Assets/Bakery/examples/lightmaps/example_lights_LM0_final.hdr
  artifactKey: Guid(3497fe217a7b81340b5a3fd0fcf0a31b) Importer(815301076,1909f56bfc062723c751e8b465ee728b)
Start importing Assets/Bakery/examples/lightmaps/example_lights_LM0_final.hdr using Guid(3497fe217a7b81340b5a3fd0fcf0a31b) Importer(815301076,1909f56bfc062723c751e8b465ee728b)  -> (artifact id: '03a71b7835b58f963cfaf0f0a1a24543') in 0.097112 seconds 
========================================================================
Received Import Request.
  Time since last request: 0.000015 seconds.
  path: Assets/Bakery/examples/lightmaps/example_mixed_directional_mode_LM0_final.hdr
  artifactKey: Guid(ce2b1533b3ad3fa4f804a3d0e391ee46) Importer(815301076,1909f56bfc062723c751e8b465ee728b)
Start importing Assets/Bakery/examples/lightmaps/example_mixed_directional_mode_LM0_final.hdr using Guid(ce2b1533b3ad3fa4f804a3d0e391ee46) Importer(815301076,1909f56bfc062723c751e8b465ee728b)  -> (artifact id: 'd4250aff4bae33cf56712f8d8be730eb') in 0.108325 seconds 
========================================================================
Received Import Request.
  Time since last request: 0.000054 seconds.
  path: Assets/Bakery/examples/content/sponza/sponza.fbm/vase_round_bump.png
  artifactKey: Guid(5c68bea6e1b07bf49b5bdb5bcc0a130e) Importer(815301076,1909f56bfc062723c751e8b465ee728b)
Start importing Assets/Bakery/examples/content/sponza/sponza.fbm/vase_round_bump.png using Guid(5c68bea6e1b07bf49b5bdb5bcc0a130e) Importer(815301076,1909f56bfc062723c751e8b465ee728b)  -> (artifact id: '5aff3887831299b7645356ae0a18d5fa') in 0.106916 seconds 
========================================================================
Received Import Request.
  Time since last request: 0.000027 seconds.
  path: Assets/Bakery/examples/lightmaps/LMGroup_Plane_SH_L1y.tga
  artifactKey: Guid(a90c09ec844e8a5419de078ea3c8340e) Importer(815301076,1909f56bfc062723c751e8b465ee728b)
Start importing Assets/Bakery/examples/lightmaps/LMGroup_Plane_SH_L1y.tga using Guid(a90c09ec844e8a5419de078ea3c8340e) Importer(815301076,1909f56bfc062723c751e8b465ee728b)  -> (artifact id: '0195c993869313cceb787b2867db8cf0') in 0.073334 seconds 
========================================================================
Received Import Request.
  Time since last request: 0.000020 seconds.
  path: Assets/Bakery/examples/lightmaps/example_directional_RNM_LMA1_RNM2.hdr
  artifactKey: Guid(043f8a624d9a4324da435fc2f711649e) Importer(815301076,1909f56bfc062723c751e8b465ee728b)
Start importing Assets/Bakery/examples/lightmaps/example_directional_RNM_LMA1_RNM2.hdr using Guid(043f8a624d9a4324da435fc2f711649e) Importer(815301076,1909f56bfc062723c751e8b465ee728b)  -> (artifact id: 'dcb8e36efaee9b4c3ab51f3d7f14088c') in 0.091778 seconds 
========================================================================
Received Import Request.
  Time since last request: 0.000016 seconds.
  path: Assets/Character Movement Fundamentals/Source/Environment/Textures/Tex_Grid_Yellow.png
  artifactKey: Guid(42bdc049024bb2a43842782a4fef0159) Importer(815301076,1909f56bfc062723c751e8b465ee728b)
Start importing Assets/Character Movement Fundamentals/Source/Environment/Textures/Tex_Grid_Yellow.png using Guid(42bdc049024bb2a43842782a4fef0159) Importer(815301076,1909f56bfc062723c751e8b465ee728b)  -> (artifact id: 'c462f41899fd9cea6b1b3671b897996d') in 0.078876 seconds 
========================================================================
Received Import Request.
  Time since last request: 0.000021 seconds.
  path: Assets/Bakery/examples/lightmaps/example_shadowmask_LMA1_mask.tga
  artifactKey: Guid(22e707c9cd2d10345ab1d6b95cb6b90d) Importer(815301076,1909f56bfc062723c751e8b465ee728b)
Start importing Assets/Bakery/examples/lightmaps/example_shadowmask_LMA1_mask.tga using Guid(22e707c9cd2d10345ab1d6b95cb6b90d) Importer(815301076,1909f56bfc062723c751e8b465ee728b)  -> (artifact id: 'e413fd721f481812dc21c6058dc7fb13') in 0.039766 seconds 
========================================================================
Received Import Request.
  Time since last request: 0.000017 seconds.
  path: Assets/Character Movement Fundamentals/Source/Environment/Textures/Tex_Grid_Blue.png
  artifactKey: Guid(59738f4f2ac82b442b513558796c7bde) Importer(815301076,1909f56bfc062723c751e8b465ee728b)
Start importing Assets/Character Movement Fundamentals/Source/Environment/Textures/Tex_Grid_Blue.png using Guid(59738f4f2ac82b442b513558796c7bde) Importer(815301076,1909f56bfc062723c751e8b465ee728b)  -> (artifact id: 'f6f2b460fae782195124d1a7fe6e025e') in 0.076993 seconds 
========================================================================
Received Import Request.
  Time since last request: 0.000017 seconds.
  path: Assets/Bakery/examples/lightmaps/example_shadowmask_LM0_dir.tga
  artifactKey: Guid(ed219786d4938ba48bcc59ee9d8cdfff) Importer(815301076,1909f56bfc062723c751e8b465ee728b)
Start importing Assets/Bakery/examples/lightmaps/example_shadowmask_LM0_dir.tga using Guid(ed219786d4938ba48bcc59ee9d8cdfff) Importer(815301076,1909f56bfc062723c751e8b465ee728b)  -> (artifact id: '0dd5ed8ccaf36aefa4f06502ed5d9416') in 0.216983 seconds 
========================================================================
Received Import Request.
  Time since last request: 0.000018 seconds.
  path: Assets/Bakery/examples/lightmaps/example_shadowmask_LM0_mask.tga
  artifactKey: Guid(d2ce8954375581b459de7b354d206f9b) Importer(815301076,1909f56bfc062723c751e8b465ee728b)
Start importing Assets/Bakery/examples/lightmaps/example_shadowmask_LM0_mask.tga using Guid(d2ce8954375581b459de7b354d206f9b) Importer(815301076,1909f56bfc062723c751e8b465ee728b)  -> (artifact id: '524dd5eb9a40ce61eacd108d9217ab75') in 0.079213 seconds 
========================================================================
Received Import Request.
  Time since last request: 0.000022 seconds.
  path: Assets/Bakery/examples/lightmaps/example_directional_RNM_LMA1_RNM0.hdr
  artifactKey: Guid(582f785fea33366439a65f282366fba9) Importer(815301076,1909f56bfc062723c751e8b465ee728b)
Start importing Assets/Bakery/examples/lightmaps/example_directional_RNM_LMA1_RNM0.hdr using Guid(582f785fea33366439a65f282366fba9) Importer(815301076,1909f56bfc062723c751e8b465ee728b)  -> (artifact id: '6afdac922dfe8f2568744f4c7080b304') in 0.049839 seconds 
========================================================================
Received Import Request.
  Time since last request: 0.000023 seconds.
  path: Assets/Bakery/examples/content/sponza/sponza.fbm/sponza_flagpole_diff.png
  artifactKey: Guid(fb17a2099949e86418b82f7007486734) Importer(815301076,1909f56bfc062723c751e8b465ee728b)
Start importing Assets/Bakery/examples/content/sponza/sponza.fbm/sponza_flagpole_diff.png using Guid(fb17a2099949e86418b82f7007486734) Importer(815301076,1909f56bfc062723c751e8b465ee728b)  -> (artifact id: '6a03462529dbf85223f9b4838d8fab4a') in 0.056097 seconds 
========================================================================
Received Import Request.
  Time since last request: 0.000020 seconds.
  path: Assets/Bakery/examples/content/sponza/sponza.fbm/vase_hanging.png
  artifactKey: Guid(6ed99df5a877ab248ac411b156462cc9) Importer(815301076,1909f56bfc062723c751e8b465ee728b)
Start importing Assets/Bakery/examples/content/sponza/sponza.fbm/vase_hanging.png using Guid(6ed99df5a877ab248ac411b156462cc9) Importer(815301076,1909f56bfc062723c751e8b465ee728b)  -> (artifact id: '6ff3be0fbb85511498bcb738288d4a04') in 0.153755 seconds 
========================================================================
Received Import Request.
  Time since last request: 0.000020 seconds.
  path: Assets/Bakery/examples/content/sponza/sponza.fbm/vase_plant.png
  artifactKey: Guid(5d1b622ece4e7cf4496941bb9cab0d79) Importer(815301076,1909f56bfc062723c751e8b465ee728b)
Start importing Assets/Bakery/examples/content/sponza/sponza.fbm/vase_plant.png using Guid(5d1b622ece4e7cf4496941bb9cab0d79) Importer(815301076,1909f56bfc062723c751e8b465ee728b)  -> (artifact id: 'e6ca4693af6eb43cc39ecf44200a1c3f') in 0.084058 seconds 
========================================================================
Received Import Request.
  Time since last request: 0.000023 seconds.
  path: Assets/Character Movement Fundamentals/Source/Capguy/Model/Textures/Tex_Cap.png
  artifactKey: Guid(01850d720f10ea448b0f077161735996) Importer(815301076,1909f56bfc062723c751e8b465ee728b)
Start importing Assets/Character Movement Fundamentals/Source/Capguy/Model/Textures/Tex_Cap.png using Guid(01850d720f10ea448b0f077161735996) Importer(815301076,1909f56bfc062723c751e8b465ee728b)  -> (artifact id: 'a73b3573482dbee25a2f9b825c3f34fe') in 0.012369 seconds 
========================================================================
Received Import Request.
  Time since last request: 0.000015 seconds.
  path: Assets/Bakery/examples/content/sponza/sponza.fbm/sponza_curtain_blue_diff.png
  artifactKey: Guid(c9fc5bb00c6f6964cac372e01280c5bd) Importer(815301076,1909f56bfc062723c751e8b465ee728b)
Start importing Assets/Bakery/examples/content/sponza/sponza.fbm/sponza_curtain_blue_diff.png using Guid(c9fc5bb00c6f6964cac372e01280c5bd) Importer(815301076,1909f56bfc062723c751e8b465ee728b)  -> (artifact id: '12c732c1a57e919e8672e13f85a4fcfb') in 0.183966 seconds 
========================================================================
Received Import Request.
  Time since last request: 0.000031 seconds.
  path: Assets/Bakery/examples/content/sponza/sponza.fbm/spnza_bricks_a_diff.png
  artifactKey: Guid(1bb468c43556ef34e99d6ca06cf9d39c) Importer(815301076,1909f56bfc062723c751e8b465ee728b)
Start importing Assets/Bakery/examples/content/sponza/sponza.fbm/spnza_bricks_a_diff.png using Guid(1bb468c43556ef34e99d6ca06cf9d39c) Importer(815301076,1909f56bfc062723c751e8b465ee728b)  -> (artifact id: '4d97add544b8a947fc379d0e425fac65') in 0.109724 seconds 
========================================================================
Received Import Request.
  Time since last request: 0.000023 seconds.
  path: Assets/Bakery/examples/content/sponza/sponza.fbm/background_bump.png
  artifactKey: Guid(7b322f6b20dcfc5449261b7ec4225c8c) Importer(815301076,1909f56bfc062723c751e8b465ee728b)
Start importing Assets/Bakery/examples/content/sponza/sponza.fbm/background_bump.png using Guid(7b322f6b20dcfc5449261b7ec4225c8c) Importer(815301076,1909f56bfc062723c751e8b465ee728b)  -> (artifact id: '34c39696955458a1ad94068a7c90d38a') in 0.095064 seconds 
========================================================================
Received Import Request.
  Time since last request: 0.000025 seconds.
  path: Assets/Bakery/examples/content/sponza/sponza.fbm/sponza_thorn_mask.png
  artifactKey: Guid(158eefb924ec9444b8ff2c84937489af) Importer(815301076,1909f56bfc062723c751e8b465ee728b)
Start importing Assets/Bakery/examples/content/sponza/sponza.fbm/sponza_thorn_mask.png using Guid(158eefb924ec9444b8ff2c84937489af) Importer(815301076,1909f56bfc062723c751e8b465ee728b)  -> (artifact id: 'a12c2a98420b57babde585836c35a2b1') in 0.128067 seconds 
========================================================================
Received Import Request.
  Time since last request: 0.000018 seconds.
  path: Assets/Bakery/examples/lightmaps/example_directional_RNM_LM0_RNM1.hdr
  artifactKey: Guid(ca47bffdc07bdde47aecd8042dc33996) Importer(815301076,1909f56bfc062723c751e8b465ee728b)
Start importing Assets/Bakery/examples/lightmaps/example_directional_RNM_LM0_RNM1.hdr using Guid(ca47bffdc07bdde47aecd8042dc33996) Importer(815301076,1909f56bfc062723c751e8b465ee728b)  -> (artifact id: 'ceb40f41a383f81f2225064e6a7a4ebc') in 0.041372 seconds 
========================================================================
Received Import Request.
  Time since last request: 0.000024 seconds.
  path: Assets/Bakery/examples/content/sponza/sponza.fbm/sponza_fabric_diff.png
  artifactKey: Guid(1da30eb44a3fef44c94483036227e02a) Importer(815301076,1909f56bfc062723c751e8b465ee728b)
Start importing Assets/Bakery/examples/content/sponza/sponza.fbm/sponza_fabric_diff.png using Guid(1da30eb44a3fef44c94483036227e02a) Importer(815301076,1909f56bfc062723c751e8b465ee728b)  -> (artifact id: '94fa63da52b219fd69c694cf21e0dfa4') in 0.115421 seconds 
========================================================================
Received Import Request.
  Time since last request: 0.000018 seconds.
  path: Assets/Bakery/examples/lightmaps/example_shadowmask_LM0_final.hdr
  artifactKey: Guid(99a4c4286c96be7409f20106976a37b2) Importer(815301076,1909f56bfc062723c751e8b465ee728b)
Start importing Assets/Bakery/examples/lightmaps/example_shadowmask_LM0_final.hdr using Guid(99a4c4286c96be7409f20106976a37b2) Importer(815301076,1909f56bfc062723c751e8b465ee728b)  -> (artifact id: '50ff3f7e69881882d3e5979ce543071f') in 0.067692 seconds 
========================================================================
Received Import Request.
  Time since last request: 0.000016 seconds.
  path: Assets/Bakery/examples/lightmaps/example_subtractive_LMA1_final.hdr
  artifactKey: Guid(909d43ad760ce1140980dc732e93397c) Importer(815301076,1909f56bfc062723c751e8b465ee728b)
Start importing Assets/Bakery/examples/lightmaps/example_subtractive_LMA1_final.hdr using Guid(909d43ad760ce1140980dc732e93397c) Importer(815301076,1909f56bfc062723c751e8b465ee728b)  -> (artifact id: 'f100463628aa2165ece33155ca3495ad') in 0.056239 seconds 
========================================================================
Received Import Request.
  Time since last request: 0.000019 seconds.
  path: Assets/Bakery/examples/lightmaps/example_directional_LMA1_dir.tga
  artifactKey: Guid(ebd57ad4d9d87ae4cbde2a489ccb31c4) Importer(815301076,1909f56bfc062723c751e8b465ee728b)
Start importing Assets/Bakery/examples/lightmaps/example_directional_LMA1_dir.tga using Guid(ebd57ad4d9d87ae4cbde2a489ccb31c4) Importer(815301076,1909f56bfc062723c751e8b465ee728b)  -> (artifact id: '44065ce0c8e2d1937be2da83d2226108') in 0.125726 seconds 
========================================================================
Received Import Request.
  Time since last request: 0.000023 seconds.
  path: Assets/Bakery/examples/content/sponza/sponza.fbm/spnza_bricks_a_bump.png
  artifactKey: Guid(d344441d8e1adc040a842a28326af17f) Importer(815301076,1909f56bfc062723c751e8b465ee728b)
Start importing Assets/Bakery/examples/content/sponza/sponza.fbm/spnza_bricks_a_bump.png using Guid(d344441d8e1adc040a842a28326af17f) Importer(815301076,1909f56bfc062723c751e8b465ee728b)  -> (artifact id: 'f25a07033533eacc38241487ba71299d') in 0.113313 seconds 
========================================================================
Received Import Request.
  Time since last request: 0.000019 seconds.
  path: Assets/Bakery/examples/content/sponza/sponza.fbm/vase_bump.png
  artifactKey: Guid(ab9a8fec9e4175d4eaf9d3cb43df6450) Importer(815301076,1909f56bfc062723c751e8b465ee728b)
Start importing Assets/Bakery/examples/content/sponza/sponza.fbm/vase_bump.png using Guid(ab9a8fec9e4175d4eaf9d3cb43df6450) Importer(815301076,1909f56bfc062723c751e8b465ee728b)  -> (artifact id: 'c80d2baf16b7846cba88a1b95f5cc872') in 0.103535 seconds 
========================================================================
Received Import Request.
  Time since last request: 0.000024 seconds.
  path: Assets/Bakery/examples/content/StoneBeach_Normal.png
  artifactKey: Guid(f7cb3bf80f9eec2429456177b478a2ed) Importer(815301076,1909f56bfc062723c751e8b465ee728b)
Start importing Assets/Bakery/examples/content/StoneBeach_Normal.png using Guid(f7cb3bf80f9eec2429456177b478a2ed) Importer(815301076,1909f56bfc062723c751e8b465ee728b)  -> (artifact id: '4c229f7f7e23c60e75674047a00d8ea5') in 0.103985 seconds 
========================================================================
Received Import Request.
  Time since last request: 0.000022 seconds.
  path: Assets/Bakery/examples/content/sky.exr
  artifactKey: Guid(6e19027493120c045b35339747708734) Importer(815301076,1909f56bfc062723c751e8b465ee728b)
Start importing Assets/Bakery/examples/content/sky.exr using Guid(6e19027493120c045b35339747708734) Importer(815301076,1909f56bfc062723c751e8b465ee728b)  -> (artifact id: 'df7fe2535ce0277a4fb00a69f75ac49c') in 0.186276 seconds 
========================================================================
Received Import Request.
  Time since last request: 0.000017 seconds.
  path: Assets/Bakery/examples/lightmaps/example_directional_LM0_dir.tga
  artifactKey: Guid(e88c4b29fe1d1ef48890fbaf39d1a5ca) Importer(815301076,1909f56bfc062723c751e8b465ee728b)
Start importing Assets/Bakery/examples/lightmaps/example_directional_LM0_dir.tga using Guid(e88c4b29fe1d1ef48890fbaf39d1a5ca) Importer(815301076,1909f56bfc062723c751e8b465ee728b)  -> (artifact id: 'f8b76d23265d32ba78399c3e4f26cba3') in 0.299051 seconds 
========================================================================
Received Import Request.
  Time since last request: 0.000016 seconds.
  path: Assets/Bakery/examples/content/sponza/sponza.fbm/sponza_floor_a_diff.png
  artifactKey: Guid(c6d4404d6dc8b0046b1f8afa1249425b) Importer(815301076,1909f56bfc062723c751e8b465ee728b)
Start importing Assets/Bakery/examples/content/sponza/sponza.fbm/sponza_floor_a_diff.png using Guid(c6d4404d6dc8b0046b1f8afa1249425b) Importer(815301076,1909f56bfc062723c751e8b465ee728b)  -> (artifact id: '2605c612431c496cf2117c0f9b390d44') in 0.088240 seconds 
========================================================================
Received Import Request.
  Time since last request: 0.000028 seconds.
  path: Assets/Bakery/examples/content/sponza/sponza.fbm/sponza_thorn_bump.png
  artifactKey: Guid(e51497f6aad3ac54fb5c780b0e9db096) Importer(815301076,1909f56bfc062723c751e8b465ee728b)
Start importing Assets/Bakery/examples/content/sponza/sponza.fbm/sponza_thorn_bump.png using Guid(e51497f6aad3ac54fb5c780b0e9db096) Importer(815301076,1909f56bfc062723c751e8b465ee728b)  -> (artifact id: 'a30a9d4e4e844ac0cb399413e3034983') in 0.025853 seconds 
========================================================================
Received Import Request.
  Time since last request: 0.000015 seconds.
  path: Assets/Bakery/examples/content/sponza/sponza.fbm/sponza_arch_diff.png
  artifactKey: Guid(85ab5fb993b5fbd4eb9e2100198292d6) Importer(815301076,1909f56bfc062723c751e8b465ee728b)
Start importing Assets/Bakery/examples/content/sponza/sponza.fbm/sponza_arch_diff.png using Guid(85ab5fb993b5fbd4eb9e2100198292d6) Importer(815301076,1909f56bfc062723c751e8b465ee728b)  -> (artifact id: '156da39e9a12b83b70979b9bd62c9f32') in 0.479631 seconds 
========================================================================
Received Import Request.
  Time since last request: 0.000021 seconds.
  path: Assets/Bakery/examples/content/logolight.fbm/ftlogo.psd
  artifactKey: Guid(c2c83f67e20a2a541961a1e8baa44b41) Importer(815301076,1909f56bfc062723c751e8b465ee728b)
Start importing Assets/Bakery/examples/content/logolight.fbm/ftlogo.psd using Guid(c2c83f67e20a2a541961a1e8baa44b41) Importer(815301076,1909f56bfc062723c751e8b465ee728b)  -> (artifact id: '175709b5c501019bc507cd1f45aed24c') in 0.138035 seconds 
========================================================================
Received Import Request.
  Time since last request: 0.000027 seconds.
  path: Assets/Character Movement Fundamentals/Example Scenes/Special/ExternalCameraScene/ReflectionProbe-0.exr
  artifactKey: Guid(74eeb33cef352a648a96a84ea23cabb2) Importer(815301076,1909f56bfc062723c751e8b465ee728b)
Start importing Assets/Character Movement Fundamentals/Example Scenes/Special/ExternalCameraScene/ReflectionProbe-0.exr using Guid(74eeb33cef352a648a96a84ea23cabb2) Importer(815301076,1909f56bfc062723c751e8b465ee728b)  -> (artifact id: 'eed43680e5d0dfadb52cff74659664ed') in 0.012007 seconds 
========================================================================
Received Import Request.
  Time since last request: 0.000016 seconds.
  path: Assets/Bakery/examples/content/sponza/sponza.fbm/sponza_ceiling_a_diff.png
  artifactKey: Guid(f5a4f568ff21d5249a4eeb6c1b8ac488) Importer(815301076,1909f56bfc062723c751e8b465ee728b)
Start importing Assets/Bakery/examples/content/sponza/sponza.fbm/sponza_ceiling_a_diff.png using Guid(f5a4f568ff21d5249a4eeb6c1b8ac488) Importer(815301076,1909f56bfc062723c751e8b465ee728b)  -> (artifact id: '52d74cb4dc07756328204fb83f93a6e5') in 0.056230 seconds 
========================================================================
Received Import Request.
  Time since last request: 0.000016 seconds.
  path: Assets/Bakery/examples/lightmaps/example_prefabs_bake_LMA1_final.hdr
  artifactKey: Guid(3f63fa3954766c74dbe394566ed41fff) Importer(815301076,1909f56bfc062723c751e8b465ee728b)
Start importing Assets/Bakery/examples/lightmaps/example_prefabs_bake_LMA1_final.hdr using Guid(3f63fa3954766c74dbe394566ed41fff) Importer(815301076,1909f56bfc062723c751e8b465ee728b)  -> (artifact id: 'dc422490c2f21ab2cd31d1da2a99c6f0') in 0.081377 seconds 
========================================================================
Received Import Request.
  Time since last request: 0.000015 seconds.
  path: Assets/Bakery/examples/lightmaps/example_directional_SH_LM0_L0.hdr
  artifactKey: Guid(457d2861877bc034d8a2a74499e6d0cf) Importer(815301076,1909f56bfc062723c751e8b465ee728b)
Start importing Assets/Bakery/examples/lightmaps/example_directional_SH_LM0_L0.hdr using Guid(457d2861877bc034d8a2a74499e6d0cf) Importer(815301076,1909f56bfc062723c751e8b465ee728b)  -> (artifact id: '0710c3d24a58ff618ab925aedfe042fd') in 0.064696 seconds 
========================================================================
Received Import Request.
  Time since last request: 0.000019 seconds.
  path: Assets/Character Movement Fundamentals/Source/Environment/Textures/Tex_Grid_Red.png
  artifactKey: Guid(e3ef8e41703c4c84daace066d0e35689) Importer(815301076,1909f56bfc062723c751e8b465ee728b)
Start importing Assets/Character Movement Fundamentals/Source/Environment/Textures/Tex_Grid_Red.png using Guid(e3ef8e41703c4c84daace066d0e35689) Importer(815301076,1909f56bfc062723c751e8b465ee728b)  -> (artifact id: 'b5be786a6d66b8c0dbd99dc2fb9e057b') in 0.009290 seconds 
========================================================================
Received Import Request.
  Time since last request: 0.000021 seconds.
  path: Assets/Character Movement Fundamentals/Example Scenes/Showcase/EmptyShowcaseScene/ReflectionProbe-0.exr
  artifactKey: Guid(a27ff74529be745408cc37202cf9bd27) Importer(815301076,1909f56bfc062723c751e8b465ee728b)
Start importing Assets/Character Movement Fundamentals/Example Scenes/Showcase/EmptyShowcaseScene/ReflectionProbe-0.exr using Guid(a27ff74529be745408cc37202cf9bd27) Importer(815301076,1909f56bfc062723c751e8b465ee728b)  -> (artifact id: '72bad485f3aaa908d097e96d8d147356') in 0.010996 seconds 
========================================================================
Received Import Request.
  Time since last request: 0.000018 seconds.
  path: Assets/Bakery/examples/content/sponza/sponza.fbm/spnza_bricks_a_spec.png
  artifactKey: Guid(32ba53fe14421434a98d9304295dc841) Importer(815301076,1909f56bfc062723c751e8b465ee728b)
Start importing Assets/Bakery/examples/content/sponza/sponza.fbm/spnza_bricks_a_spec.png using Guid(32ba53fe14421434a98d9304295dc841) Importer(815301076,1909f56bfc062723c751e8b465ee728b)  -> (artifact id: '7a8c8126177f708135e3d5a0f776cad2') in 0.114103 seconds 
Editor requested this worker to shutdown with reason: Scaling down because of idle timeout
AssetImportWorker is now disconnected from the server
Process exiting
Exiting without the bug reporter. Application will terminate with return code 0